0 info it worked if it ends with ok
1 verbose cli [ 'C:\\Program Files\\nodejs\\node.exe',
1 verbose cli   'C:\\Program Files\\nodejs\\node_modules\\npm\\bin\\npm-cli.js',
1 verbose cli   'install',
1 verbose cli   'node' ]
2 info using npm@3.10.3
3 info using node@v6.7.0
4 silly loadCurrentTree Starting
5 silly install loadCurrentTree
6 silly install readLocalPackageData
7 silly fetchPackageMetaData node
8 silly fetchNamedPackageData node
9 silly mapToRegistry name node
10 silly mapToRegistry using default registry
11 silly mapToRegistry registry https://registry.npmjs.org/
12 silly mapToRegistry data Result {
12 silly mapToRegistry   raw: 'node',
12 silly mapToRegistry   scope: null,
12 silly mapToRegistry   escapedName: 'node',
12 silly mapToRegistry   name: 'node',
12 silly mapToRegistry   rawSpec: '',
12 silly mapToRegistry   spec: 'latest',
12 silly mapToRegistry   type: 'tag' }
13 silly mapToRegistry uri https://registry.npmjs.org/node
14 verbose request uri https://registry.npmjs.org/node
15 verbose request no auth needed
16 info attempt registry request try #1 at 18:20:10
17 verbose request id 4a3f19b005f6e5ef
18 http request GET https://registry.npmjs.org/node
19 http 200 https://registry.npmjs.org/node
20 verbose headers { 'content-type': 'application/json; charset=UTF-8',
20 verbose headers   server: 'UploadServer',
20 verbose headers   'cache-control': 'max-age=300',
20 verbose headers   'last-modified': 'Fri, 2 Feb 2018 3:15:36 GMT',
20 verbose headers   etag: '"5a73d7d8-5404a"',
20 verbose headers   'content-encoding': 'gzip',
20 verbose headers   'content-length': '55881',
20 verbose headers   'accept-ranges': 'bytes',
20 verbose headers   date: 'Fri, 02 Feb 2018 17:20:10 GMT',
20 verbose headers   via: '1.1 varnish',
20 verbose headers   age: '3524',
20 verbose headers   connection: 'keep-alive',
20 verbose headers   'x-served-by': 'cache-bma7029-BMA',
20 verbose headers   'x-cache': 'HIT',
20 verbose headers   'x-cache-hits': '1',
20 verbose headers   'x-timer': 'S1517592011.583378,VS0,VE0',
20 verbose headers   vary: 'Accept-Encoding, Accept' }
21 silly get cb [ 200,
21 silly get   { 'content-type': 'application/json; charset=UTF-8',
21 silly get     server: 'UploadServer',
21 silly get     'cache-control': 'max-age=300',
21 silly get     'last-modified': 'Fri, 2 Feb 2018 3:15:36 GMT',
21 silly get     etag: '"5a73d7d8-5404a"',
21 silly get     'content-encoding': 'gzip',
21 silly get     'content-length': '55881',
21 silly get     'accept-ranges': 'bytes',
21 silly get     date: 'Fri, 02 Feb 2018 17:20:10 GMT',
21 silly get     via: '1.1 varnish',
21 silly get     age: '3524',
21 silly get     connection: 'keep-alive',
21 silly get     'x-served-by': 'cache-bma7029-BMA',
21 silly get     'x-cache': 'HIT',
21 silly get     'x-cache-hits': '1',
21 silly get     'x-timer': 'S1517592011.583378,VS0,VE0',
21 silly get     vary: 'Accept-Encoding, Accept' } ]
22 verbose get saving node to C:\Users\Alextrico\AppData\Roaming\npm-cache\registry.npmjs.org\node\.cache.json
23 verbose correctMkdir C:\Users\Alextrico\AppData\Roaming\npm-cache correctMkdir not in flight; initializing
24 silly install normalizeTree
25 silly loadCurrentTree Finishing
26 silly loadIdealTree Starting
27 silly install loadIdealTree
28 silly cloneCurrentTree Starting
29 silly install cloneCurrentTreeToIdealTree
30 silly cloneCurrentTree Finishing
31 silly loadShrinkwrap Starting
32 silly install loadShrinkwrap
33 silly loadShrinkwrap Finishing
34 silly loadAllDepsIntoIdealTree Starting
35 silly install loadAllDepsIntoIdealTree
36 silly resolveWithNewModule node@9.5.0 checking installable status
37 silly cache add args [ 'node', null ]
38 verbose cache add spec node
39 silly cache add parsed spec Result {
39 silly cache add   raw: 'node',
39 silly cache add   scope: null,
39 silly cache add   escapedName: 'node',
39 silly cache add   name: 'node',
39 silly cache add   rawSpec: '',
39 silly cache add   spec: 'latest',
39 silly cache add   type: 'tag' }
40 silly addNamed node@latest
41 verbose addNamed "latest" is being treated as a dist-tag for node
42 info addNameTag [ 'node', 'latest' ]
43 silly mapToRegistry name node
44 silly mapToRegistry using default registry
45 silly mapToRegistry registry https://registry.npmjs.org/
46 silly mapToRegistry data Result {
46 silly mapToRegistry   raw: 'node',
46 silly mapToRegistry   scope: null,
46 silly mapToRegistry   escapedName: 'node',
46 silly mapToRegistry   name: 'node',
46 silly mapToRegistry   rawSpec: '',
46 silly mapToRegistry   spec: 'latest',
46 silly mapToRegistry   type: 'tag' }
47 silly mapToRegistry uri https://registry.npmjs.org/node
48 verbose addNameTag registry:https://registry.npmjs.org/node not in flight; fetching
49 verbose get https://registry.npmjs.org/node not expired, no request
50 silly addNameTag next cb for node with tag latest
51 silly addNamed node@9.5.0
52 verbose addNamed "9.5.0" is a plain semver version for node
53 silly mapToRegistry name node
54 silly mapToRegistry using default registry
55 silly mapToRegistry registry https://registry.npmjs.org/
56 silly mapToRegistry data Result {
56 silly mapToRegistry   raw: 'node',
56 silly mapToRegistry   scope: null,
56 silly mapToRegistry   escapedName: 'node',
56 silly mapToRegistry   name: 'node',
56 silly mapToRegistry   rawSpec: '',
56 silly mapToRegistry   spec: 'latest',
56 silly mapToRegistry   type: 'tag' }
57 silly mapToRegistry uri https://registry.npmjs.org/node
58 verbose addRemoteTarball https://registry.npmjs.org/node/-/node-9.5.0.tgz not in flight; adding
59 verbose addRemoteTarball [ 'https://registry.npmjs.org/node/-/node-9.5.0.tgz',
59 verbose addRemoteTarball   '1c5154ee8eb600ab96306a6e9d3bade55567ca22' ]
60 info retry fetch attempt 1 at 18:20:10
61 info attempt registry request try #1 at 18:20:10
62 http fetch GET https://registry.npmjs.org/node/-/node-9.5.0.tgz
63 http fetch 200 https://registry.npmjs.org/node/-/node-9.5.0.tgz
64 silly fetchAndShaCheck shasum 1c5154ee8eb600ab96306a6e9d3bade55567ca22
65 verbose addTmpTarball C:\Users\Alextrico\AppData\Local\Temp\npm-5200-65f6f644\registry.npmjs.org\node\-\node-9.5.0.tgz not in flight; adding
66 verbose addTmpTarball already have metadata; skipping unpack for node@9.5.0
67 verbose correctMkdir C:\Users\Alextrico\AppData\Roaming\npm-cache correctMkdir not in flight; initializing
68 silly cache afterAdd node@9.5.0
69 verbose afterAdd C:\Users\Alextrico\AppData\Roaming\npm-cache\node\9.5.0\package\package.json not in flight; writing
70 verbose correctMkdir C:\Users\Alextrico\AppData\Roaming\npm-cache correctMkdir not in flight; initializing
71 verbose afterAdd C:\Users\Alextrico\AppData\Roaming\npm-cache\node\9.5.0\package\package.json written
72 silly fetchNamedPackageData node-bin-setup
73 silly mapToRegistry name node-bin-setup
74 silly mapToRegistry using default registry
75 silly mapToRegistry registry https://registry.npmjs.org/
76 silly mapToRegistry data Result {
76 silly mapToRegistry   raw: 'node-bin-setup',
76 silly mapToRegistry   scope: null,
76 silly mapToRegistry   escapedName: 'node-bin-setup',
76 silly mapToRegistry   name: 'node-bin-setup',
76 silly mapToRegistry   rawSpec: '',
76 silly mapToRegistry   spec: 'latest',
76 silly mapToRegistry   type: 'tag' }
77 silly mapToRegistry uri https://registry.npmjs.org/node-bin-setup
78 verbose request uri https://registry.npmjs.org/node-bin-setup
79 verbose request no auth needed
80 info attempt registry request try #1 at 18:20:10
81 http request GET https://registry.npmjs.org/node-bin-setup
82 http 200 https://registry.npmjs.org/node-bin-setup
83 verbose headers { 'content-type': 'application/json; charset=UTF-8',
83 verbose headers   server: 'UploadServer',
83 verbose headers   'cache-control': 'max-age=300',
83 verbose headers   'last-modified': 'Tue, 25 Jul 2017 3:32:58 GMT',
83 verbose headers   etag: '"5976bbea-1511"',
83 verbose headers   'content-encoding': 'gzip',
83 verbose headers   'content-length': '1464',
83 verbose headers   'accept-ranges': 'bytes',
83 verbose headers   date: 'Fri, 02 Feb 2018 17:20:11 GMT',
83 verbose headers   via: '1.1 varnish',
83 verbose headers   age: '0',
83 verbose headers   connection: 'keep-alive',
83 verbose headers   'x-served-by': 'cache-bma7029-BMA',
83 verbose headers   'x-cache': 'MISS',
83 verbose headers   'x-cache-hits': '0',
83 verbose headers   'x-timer': 'S1517592011.051333,VS0,VE213',
83 verbose headers   vary: 'Accept-Encoding, Accept' }
84 silly get cb [ 200,
84 silly get   { 'content-type': 'application/json; charset=UTF-8',
84 silly get     server: 'UploadServer',
84 silly get     'cache-control': 'max-age=300',
84 silly get     'last-modified': 'Tue, 25 Jul 2017 3:32:58 GMT',
84 silly get     etag: '"5976bbea-1511"',
84 silly get     'content-encoding': 'gzip',
84 silly get     'content-length': '1464',
84 silly get     'accept-ranges': 'bytes',
84 silly get     date: 'Fri, 02 Feb 2018 17:20:11 GMT',
84 silly get     via: '1.1 varnish',
84 silly get     age: '0',
84 silly get     connection: 'keep-alive',
84 silly get     'x-served-by': 'cache-bma7029-BMA',
84 silly get     'x-cache': 'MISS',
84 silly get     'x-cache-hits': '0',
84 silly get     'x-timer': 'S1517592011.051333,VS0,VE213',
84 silly get     vary: 'Accept-Encoding, Accept' } ]
85 verbose get saving node-bin-setup to C:\Users\Alextrico\AppData\Roaming\npm-cache\registry.npmjs.org\node-bin-setup\.cache.json
86 verbose correctMkdir C:\Users\Alextrico\AppData\Roaming\npm-cache correctMkdir not in flight; initializing
87 silly resolveWithNewModule node-bin-setup@1.0.6 checking installable status
88 silly cache add args [ 'node-bin-setup@^1.0.0', null ]
89 verbose cache add spec node-bin-setup@^1.0.0
90 silly cache add parsed spec Result {
90 silly cache add   raw: 'node-bin-setup@^1.0.0',
90 silly cache add   scope: null,
90 silly cache add   escapedName: 'node-bin-setup',
90 silly cache add   name: 'node-bin-setup',
90 silly cache add   rawSpec: '^1.0.0',
90 silly cache add   spec: '>=1.0.0 <2.0.0',
90 silly cache add   type: 'range' }
91 silly addNamed node-bin-setup@>=1.0.0 <2.0.0
92 verbose addNamed ">=1.0.0 <2.0.0" is a valid semver range for node-bin-setup
93 silly addNameRange { name: 'node-bin-setup',
93 silly addNameRange   range: '>=1.0.0 <2.0.0',
93 silly addNameRange   hasData: false }
94 silly mapToRegistry name node-bin-setup
95 silly mapToRegistry using default registry
96 silly mapToRegistry registry https://registry.npmjs.org/
97 silly mapToRegistry data Result {
97 silly mapToRegistry   raw: 'node-bin-setup',
97 silly mapToRegistry   scope: null,
97 silly mapToRegistry   escapedName: 'node-bin-setup',
97 silly mapToRegistry   name: 'node-bin-setup',
97 silly mapToRegistry   rawSpec: '',
97 silly mapToRegistry   spec: 'latest',
97 silly mapToRegistry   type: 'tag' }
98 silly mapToRegistry uri https://registry.npmjs.org/node-bin-setup
99 verbose addNameRange registry:https://registry.npmjs.org/node-bin-setup not in flight; fetching
100 verbose get https://registry.npmjs.org/node-bin-setup not expired, no request
101 silly addNameRange number 2 { name: 'node-bin-setup',
101 silly addNameRange   range: '>=1.0.0 <2.0.0',
101 silly addNameRange   hasData: true }
102 silly addNameRange versions [ 'node-bin-setup',
102 silly addNameRange   [ '1.0.0', '1.0.1', '1.0.2', '1.0.3', '1.0.4', '1.0.6' ] ]
103 silly addNamed node-bin-setup@1.0.6
104 verbose addNamed "1.0.6" is a plain semver version for node-bin-setup
105 silly mapToRegistry name node-bin-setup
106 silly mapToRegistry using default registry
107 silly mapToRegistry registry https://registry.npmjs.org/
108 silly mapToRegistry data Result {
108 silly mapToRegistry   raw: 'node-bin-setup',
108 silly mapToRegistry   scope: null,
108 silly mapToRegistry   escapedName: 'node-bin-setup',
108 silly mapToRegistry   name: 'node-bin-setup',
108 silly mapToRegistry   rawSpec: '',
108 silly mapToRegistry   spec: 'latest',
108 silly mapToRegistry   type: 'tag' }
109 silly mapToRegistry uri https://registry.npmjs.org/node-bin-setup
110 verbose addRemoteTarball https://registry.npmjs.org/node-bin-setup/-/node-bin-setup-1.0.6.tgz not in flight; adding
111 verbose addRemoteTarball [ 'https://registry.npmjs.org/node-bin-setup/-/node-bin-setup-1.0.6.tgz',
111 verbose addRemoteTarball   '4b5c9bb937ece702d7069b36ca78af4684677528' ]
112 info retry fetch attempt 1 at 18:20:11
113 info attempt registry request try #1 at 18:20:11
114 http fetch GET https://registry.npmjs.org/node-bin-setup/-/node-bin-setup-1.0.6.tgz
115 http fetch 200 https://registry.npmjs.org/node-bin-setup/-/node-bin-setup-1.0.6.tgz
116 silly fetchAndShaCheck shasum 4b5c9bb937ece702d7069b36ca78af4684677528
117 verbose addTmpTarball C:\Users\Alextrico\AppData\Local\Temp\npm-5200-65f6f644\registry.npmjs.org\node-bin-setup\-\node-bin-setup-1.0.6.tgz not in flight; adding
118 verbose addTmpTarball already have metadata; skipping unpack for node-bin-setup@1.0.6
119 verbose correctMkdir C:\Users\Alextrico\AppData\Roaming\npm-cache correctMkdir not in flight; initializing
120 silly cache afterAdd node-bin-setup@1.0.6
121 verbose afterAdd C:\Users\Alextrico\AppData\Roaming\npm-cache\node-bin-setup\1.0.6\package\package.json not in flight; writing
122 verbose correctMkdir C:\Users\Alextrico\AppData\Roaming\npm-cache correctMkdir not in flight; initializing
123 verbose afterAdd C:\Users\Alextrico\AppData\Roaming\npm-cache\node-bin-setup\1.0.6\package\package.json written
124 silly fetchNamedPackageData fsevents
125 silly mapToRegistry name fsevents
126 silly mapToRegistry using default registry
127 silly mapToRegistry registry https://registry.npmjs.org/
128 silly mapToRegistry data Result {
128 silly mapToRegistry   raw: 'fsevents',
128 silly mapToRegistry   scope: null,
128 silly mapToRegistry   escapedName: 'fsevents',
128 silly mapToRegistry   name: 'fsevents',
128 silly mapToRegistry   rawSpec: '',
128 silly mapToRegistry   spec: 'latest',
128 silly mapToRegistry   type: 'tag' }
129 silly mapToRegistry uri https://registry.npmjs.org/fsevents
130 verbose request uri https://registry.npmjs.org/fsevents
131 verbose request no auth needed
132 info attempt registry request try #1 at 18:20:11
133 verbose etag "5a1e8efd-e513"
134 verbose lastModified Wed, 29 Nov 2017 10:42:05 GMT
135 http request GET https://registry.npmjs.org/fsevents
136 http 304 https://registry.npmjs.org/fsevents
137 verbose headers { date: 'Fri, 02 Feb 2018 17:20:11 GMT',
137 verbose headers   via: '1.1 varnish',
137 verbose headers   'cache-control': 'max-age=300',
137 verbose headers   etag: '"5a1e8efd-e513"',
137 verbose headers   age: '11525',
137 verbose headers   connection: 'keep-alive',
137 verbose headers   'x-served-by': 'cache-bma7029-BMA',
137 verbose headers   'x-cache': 'HIT',
137 verbose headers   'x-cache-hits': '329',
137 verbose headers   'x-timer': 'S1517592012.552766,VS0,VE0',
137 verbose headers   vary: 'Accept-Encoding, Accept' }
138 silly get cb [ 304,
138 silly get   { date: 'Fri, 02 Feb 2018 17:20:11 GMT',
138 silly get     via: '1.1 varnish',
138 silly get     'cache-control': 'max-age=300',
138 silly get     etag: '"5a1e8efd-e513"',
138 silly get     age: '11525',
138 silly get     connection: 'keep-alive',
138 silly get     'x-served-by': 'cache-bma7029-BMA',
138 silly get     'x-cache': 'HIT',
138 silly get     'x-cache-hits': '329',
138 silly get     'x-timer': 'S1517592012.552766,VS0,VE0',
138 silly get     vary: 'Accept-Encoding, Accept' } ]
139 verbose etag https://registry.npmjs.org/fsevents from cache
140 verbose get saving fsevents to C:\Users\Alextrico\AppData\Roaming\npm-cache\registry.npmjs.org\fsevents\.cache.json
141 verbose correctMkdir C:\Users\Alextrico\AppData\Roaming\npm-cache correctMkdir not in flight; initializing
142 silly resolveWithNewModule fsevents@1.1.3 checking installable status
143 silly fetchNamedPackageData depd
144 silly mapToRegistry name depd
145 silly mapToRegistry using default registry
146 silly mapToRegistry registry https://registry.npmjs.org/
147 silly mapToRegistry data Result {
147 silly mapToRegistry   raw: 'depd',
147 silly mapToRegistry   scope: null,
147 silly mapToRegistry   escapedName: 'depd',
147 silly mapToRegistry   name: 'depd',
147 silly mapToRegistry   rawSpec: '',
147 silly mapToRegistry   spec: 'latest',
147 silly mapToRegistry   type: 'tag' }
148 silly mapToRegistry uri https://registry.npmjs.org/depd
149 verbose request uri https://registry.npmjs.org/depd
150 verbose request no auth needed
151 info attempt registry request try #1 at 18:20:11
152 verbose etag "5a6e8eb1-7eaa"
153 verbose lastModified Mon, 29 Jan 2018 3:02:09 GMT
154 http request GET https://registry.npmjs.org/depd
155 http 304 https://registry.npmjs.org/depd
156 verbose headers { date: 'Fri, 02 Feb 2018 17:20:11 GMT',
156 verbose headers   via: '1.1 varnish',
156 verbose headers   'cache-control': 'max-age=300',
156 verbose headers   etag: '"5a6e8eb1-7eaa"',
156 verbose headers   age: '7623',
156 verbose headers   connection: 'keep-alive',
156 verbose headers   'x-served-by': 'cache-bma7029-BMA',
156 verbose headers   'x-cache': 'HIT',
156 verbose headers   'x-cache-hits': '65',
156 verbose headers   'x-timer': 'S1517592012.764488,VS0,VE0',
156 verbose headers   vary: 'Accept-Encoding, Accept' }
157 silly get cb [ 304,
157 silly get   { date: 'Fri, 02 Feb 2018 17:20:11 GMT',
157 silly get     via: '1.1 varnish',
157 silly get     'cache-control': 'max-age=300',
157 silly get     etag: '"5a6e8eb1-7eaa"',
157 silly get     age: '7623',
157 silly get     connection: 'keep-alive',
157 silly get     'x-served-by': 'cache-bma7029-BMA',
157 silly get     'x-cache': 'HIT',
157 silly get     'x-cache-hits': '65',
157 silly get     'x-timer': 'S1517592012.764488,VS0,VE0',
157 silly get     vary: 'Accept-Encoding, Accept' } ]
158 verbose etag https://registry.npmjs.org/depd from cache
159 verbose get saving depd to C:\Users\Alextrico\AppData\Roaming\npm-cache\registry.npmjs.org\depd\.cache.json
160 verbose correctMkdir C:\Users\Alextrico\AppData\Roaming\npm-cache correctMkdir not in flight; initializing
161 silly resolveWithNewModule depd@1.1.2 checking installable status
162 silly cache add args [ 'depd@~1.1.1', null ]
163 verbose cache add spec depd@~1.1.1
164 silly cache add parsed spec Result {
164 silly cache add   raw: 'depd@~1.1.1',
164 silly cache add   scope: null,
164 silly cache add   escapedName: 'depd',
164 silly cache add   name: 'depd',
164 silly cache add   rawSpec: '~1.1.1',
164 silly cache add   spec: '>=1.1.1 <1.2.0',
164 silly cache add   type: 'range' }
165 silly addNamed depd@>=1.1.1 <1.2.0
166 verbose addNamed ">=1.1.1 <1.2.0" is a valid semver range for depd
167 silly addNameRange { name: 'depd', range: '>=1.1.1 <1.2.0', hasData: false }
168 silly mapToRegistry name depd
169 silly mapToRegistry using default registry
170 silly mapToRegistry registry https://registry.npmjs.org/
171 silly mapToRegistry data Result {
171 silly mapToRegistry   raw: 'depd',
171 silly mapToRegistry   scope: null,
171 silly mapToRegistry   escapedName: 'depd',
171 silly mapToRegistry   name: 'depd',
171 silly mapToRegistry   rawSpec: '',
171 silly mapToRegistry   spec: 'latest',
171 silly mapToRegistry   type: 'tag' }
172 silly mapToRegistry uri https://registry.npmjs.org/depd
173 verbose addNameRange registry:https://registry.npmjs.org/depd not in flight; fetching
174 verbose get https://registry.npmjs.org/depd not expired, no request
175 silly addNameRange number 2 { name: 'depd', range: '>=1.1.1 <1.2.0', hasData: true }
176 silly addNameRange versions [ 'depd',
176 silly addNameRange   [ '0.0.0',
176 silly addNameRange     '0.0.1',
176 silly addNameRange     '0.1.0',
176 silly addNameRange     '0.2.0',
176 silly addNameRange     '0.3.0',
176 silly addNameRange     '0.4.0',
176 silly addNameRange     '0.4.1',
176 silly addNameRange     '0.4.2',
176 silly addNameRange     '0.4.3',
176 silly addNameRange     '0.4.4',
176 silly addNameRange     '0.4.5',
176 silly addNameRange     '1.0.0',
176 silly addNameRange     '1.0.1',
176 silly addNameRange     '1.1.0',
176 silly addNameRange     '1.1.1',
176 silly addNameRange     '1.1.2' ] ]
177 silly addNamed depd@1.1.2
178 verbose addNamed "1.1.2" is a plain semver version for depd
179 silly cache afterAdd depd@1.1.2
180 verbose afterAdd C:\Users\Alextrico\AppData\Roaming\npm-cache\depd\1.1.2\package\package.json not in flight; writing
181 verbose correctMkdir C:\Users\Alextrico\AppData\Roaming\npm-cache correctMkdir not in flight; initializing
182 verbose afterAdd C:\Users\Alextrico\AppData\Roaming\npm-cache\depd\1.1.2\package\package.json written
183 silly fetchNamedPackageData depd
184 silly mapToRegistry name depd
185 silly mapToRegistry using default registry
186 silly mapToRegistry registry https://registry.npmjs.org/
187 silly mapToRegistry data Result {
187 silly mapToRegistry   raw: 'depd',
187 silly mapToRegistry   scope: null,
187 silly mapToRegistry   escapedName: 'depd',
187 silly mapToRegistry   name: 'depd',
187 silly mapToRegistry   rawSpec: '',
187 silly mapToRegistry   spec: 'latest',
187 silly mapToRegistry   type: 'tag' }
188 silly mapToRegistry uri https://registry.npmjs.org/depd
189 silly resolveWithNewModule depd@1.1.1 checking installable status
190 silly cache add args [ 'depd@1.1.1', null ]
191 verbose cache add spec depd@1.1.1
192 silly cache add parsed spec Result {
192 silly cache add   raw: 'depd@1.1.1',
192 silly cache add   scope: null,
192 silly cache add   escapedName: 'depd',
192 silly cache add   name: 'depd',
192 silly cache add   rawSpec: '1.1.1',
192 silly cache add   spec: '1.1.1',
192 silly cache add   type: 'version' }
193 silly addNamed depd@1.1.1
194 verbose addNamed "1.1.1" is a plain semver version for depd
195 silly mapToRegistry name depd
196 silly mapToRegistry using default registry
197 silly mapToRegistry registry https://registry.npmjs.org/
198 silly mapToRegistry data Result {
198 silly mapToRegistry   raw: 'depd',
198 silly mapToRegistry   scope: null,
198 silly mapToRegistry   escapedName: 'depd',
198 silly mapToRegistry   name: 'depd',
198 silly mapToRegistry   rawSpec: '',
198 silly mapToRegistry   spec: 'latest',
198 silly mapToRegistry   type: 'tag' }
199 silly mapToRegistry uri https://registry.npmjs.org/depd
200 verbose addNameVersion registry:https://registry.npmjs.org/depd not in flight; fetching
201 verbose get https://registry.npmjs.org/depd not expired, no request
202 silly cache afterAdd depd@1.1.1
203 verbose afterAdd C:\Users\Alextrico\AppData\Roaming\npm-cache\depd\1.1.1\package\package.json not in flight; writing
204 verbose correctMkdir C:\Users\Alextrico\AppData\Roaming\npm-cache correctMkdir not in flight; initializing
205 verbose afterAdd C:\Users\Alextrico\AppData\Roaming\npm-cache\depd\1.1.1\package\package.json written
206 silly loadAllDepsIntoIdealTree Finishing
207 silly loadIdealTree Finishing
208 silly currentTree AlexAasen@0.0.1
208 silly currentTree +-- abbrev@1.1.0
208 silly currentTree +-- accepts@1.3.4
208 silly currentTree +-- acorn-dynamic-import@2.0.2
208 silly currentTree | `-- acorn@4.0.13
208 silly currentTree +-- acorn@5.0.3
208 silly currentTree +-- adler-32@1.1.0
208 silly currentTree +-- ajv-keywords@1.5.1
208 silly currentTree +-- ajv@4.11.8
208 silly currentTree +-- align-text@0.1.4
208 silly currentTree +-- alphanum-sort@1.0.2
208 silly currentTree +-- amdefine@1.0.1
208 silly currentTree +-- ansi-regex@2.1.1
208 silly currentTree +-- ansi-styles@2.2.1
208 silly currentTree +-- anymatch@1.3.0
208 silly currentTree +-- aproba@1.1.2
208 silly currentTree +-- are-we-there-yet@1.1.4
208 silly currentTree +-- argparse@1.0.9
208 silly currentTree +-- arr-diff@2.0.0
208 silly currentTree +-- arr-flatten@1.0.3
208 silly currentTree +-- array-find-index@1.0.2
208 silly currentTree +-- array-flatten@1.1.1
208 silly currentTree +-- array-unique@0.2.1
208 silly currentTree +-- arrify@1.0.1
208 silly currentTree +-- asap@2.0.5
208 silly currentTree +-- asn1.js@4.9.1
208 silly currentTree +-- asn1@0.2.3
208 silly currentTree +-- assert-plus@0.2.0
208 silly currentTree +-- assert@1.4.1
208 silly currentTree +-- async-each@1.0.1
208 silly currentTree +-- async-foreach@0.1.3
208 silly currentTree +-- async@2.4.1
208 silly currentTree +-- asynckit@0.4.0
208 silly currentTree +-- autoprefixer@6.7.7
208 silly currentTree +-- aws-sign2@0.6.0
208 silly currentTree +-- aws4@1.6.0
208 silly currentTree +-- babel-code-frame@6.22.0
208 silly currentTree +-- babel-core@6.25.0
208 silly currentTree +-- babel-generator@6.25.0
208 silly currentTree | `-- jsesc@1.3.0
208 silly currentTree +-- babel-helper-builder-react-jsx@6.24.1
208 silly currentTree +-- babel-helper-call-delegate@6.24.1
208 silly currentTree +-- babel-helper-define-map@6.24.1
208 silly currentTree +-- babel-helper-function-name@6.24.1
208 silly currentTree +-- babel-helper-get-function-arity@6.24.1
208 silly currentTree +-- babel-helper-hoist-variables@6.24.1
208 silly currentTree +-- babel-helper-optimise-call-expression@6.24.1
208 silly currentTree +-- babel-helper-regex@6.24.1
208 silly currentTree +-- babel-helper-replace-supers@6.24.1
208 silly currentTree +-- babel-helpers@6.24.1
208 silly currentTree +-- babel-loader@7.0.0
208 silly currentTree | `-- loader-utils@1.1.0
208 silly currentTree +-- babel-messages@6.23.0
208 silly currentTree +-- babel-plugin-check-es2015-constants@6.22.0
208 silly currentTree +-- babel-plugin-syntax-flow@6.18.0
208 silly currentTree +-- babel-plugin-syntax-jsx@6.18.0
208 silly currentTree +-- babel-plugin-transform-es2015-arrow-functions@6.22.0
208 silly currentTree +-- babel-plugin-transform-es2015-block-scoped-functions@6.22.0
208 silly currentTree +-- babel-plugin-transform-es2015-block-scoping@6.24.1
208 silly currentTree +-- babel-plugin-transform-es2015-classes@6.24.1
208 silly currentTree +-- babel-plugin-transform-es2015-computed-properties@6.24.1
208 silly currentTree +-- babel-plugin-transform-es2015-destructuring@6.23.0
208 silly currentTree +-- babel-plugin-transform-es2015-duplicate-keys@6.24.1
208 silly currentTree +-- babel-plugin-transform-es2015-for-of@6.23.0
208 silly currentTree +-- babel-plugin-transform-es2015-function-name@6.24.1
208 silly currentTree +-- babel-plugin-transform-es2015-literals@6.22.0
208 silly currentTree +-- babel-plugin-transform-es2015-modules-amd@6.24.1
208 silly currentTree +-- babel-plugin-transform-es2015-modules-commonjs@6.24.1
208 silly currentTree +-- babel-plugin-transform-es2015-modules-systemjs@6.24.1
208 silly currentTree +-- babel-plugin-transform-es2015-modules-umd@6.24.1
208 silly currentTree +-- babel-plugin-transform-es2015-object-super@6.24.1
208 silly currentTree +-- babel-plugin-transform-es2015-parameters@6.24.1
208 silly currentTree +-- babel-plugin-transform-es2015-shorthand-properties@6.24.1
208 silly currentTree +-- babel-plugin-transform-es2015-spread@6.22.0
208 silly currentTree +-- babel-plugin-transform-es2015-sticky-regex@6.24.1
208 silly currentTree +-- babel-plugin-transform-es2015-template-literals@6.22.0
208 silly currentTree +-- babel-plugin-transform-es2015-typeof-symbol@6.23.0
208 silly currentTree +-- babel-plugin-transform-es2015-unicode-regex@6.24.1
208 silly currentTree +-- babel-plugin-transform-flow-strip-types@6.22.0
208 silly currentTree +-- babel-plugin-transform-react-display-name@6.25.0
208 silly currentTree +-- babel-plugin-transform-react-jsx-self@6.22.0
208 silly currentTree +-- babel-plugin-transform-react-jsx-source@6.22.0
208 silly currentTree +-- babel-plugin-transform-react-jsx@6.24.1
208 silly currentTree +-- babel-plugin-transform-regenerator@6.24.1
208 silly currentTree +-- babel-plugin-transform-strict-mode@6.24.1
208 silly currentTree +-- babel-preset-es2015@6.24.1
208 silly currentTree +-- babel-preset-flow@6.23.0
208 silly currentTree +-- babel-preset-react@6.24.1
208 silly currentTree +-- babel-register@6.24.1
208 silly currentTree +-- babel-runtime@6.23.0
208 silly currentTree +-- babel-template@6.25.0
208 silly currentTree +-- babel-traverse@6.25.0
208 silly currentTree +-- babel-types@6.25.0
208 silly currentTree +-- babylon@6.17.3
208 silly currentTree +-- balanced-match@1.0.0
208 silly currentTree +-- base64-js@1.2.0
208 silly currentTree +-- bcrypt-pbkdf@1.0.1
208 silly currentTree +-- big.js@3.1.3
208 silly currentTree +-- binary-extensions@1.8.0
208 silly currentTree +-- block-stream@0.0.9
208 silly currentTree +-- bn.js@4.11.6
208 silly currentTree +-- body-parser
208 silly currentTree | +-- debug@2.6.9
208 silly currentTree | `-- iconv-lite@0.4.19
208 silly currentTree +-- boom@2.10.1
208 silly currentTree +-- brace-expansion@1.1.8
208 silly currentTree +-- braces@1.8.5
208 silly currentTree +-- brorand@1.1.0
208 silly currentTree +-- browserify-aes@1.0.6
208 silly currentTree +-- browserify-cipher@1.0.0
208 silly currentTree +-- browserify-des@1.0.0
208 silly currentTree +-- browserify-rsa@4.0.1
208 silly currentTree +-- browserify-sign@4.0.4
208 silly currentTree +-- browserify-zlib@0.1.4
208 silly currentTree +-- browserslist@1.7.7
208 silly currentTree +-- buffer-xor@1.0.3
208 silly currentTree +-- buffer@4.9.1
208 silly currentTree +-- builtin-modules@1.1.1
208 silly currentTree +-- builtin-status-codes@3.0.0
208 silly currentTree +-- bytes@3.0.0
208 silly currentTree +-- camelcase-keys@2.1.0
208 silly currentTree | `-- camelcase@2.1.1
208 silly currentTree +-- camelcase@1.2.1
208 silly currentTree +-- caniuse-api@1.6.1
208 silly currentTree +-- caniuse-db@1.0.30000727
208 silly currentTree +-- caseless@0.12.0
208 silly currentTree +-- center-align@0.1.3
208 silly currentTree +-- cfb@1.0.1
208 silly currentTree | `-- commander@2.12.2
208 silly currentTree +-- chalk@1.1.3
208 silly currentTree | `-- supports-color@2.0.0
208 silly currentTree +-- chokidar@1.7.0
208 silly currentTree +-- cipher-base@1.0.3
208 silly currentTree +-- clap@1.2.0
208 silly currentTree +-- cliui@2.1.0
208 silly currentTree +-- clone-deep@0.3.0
208 silly currentTree | `-- for-own@1.0.0
208 silly currentTree +-- clone@2.1.1
208 silly currentTree +-- co@4.6.0
208 silly currentTree +-- coa@1.0.4
208 silly currentTree +-- code-point-at@1.1.0
208 silly currentTree +-- codepage@1.11.0
208 silly currentTree +-- color-convert@1.9.0
208 silly currentTree +-- color-name@1.1.3
208 silly currentTree +-- color-string@0.3.0
208 silly currentTree +-- color@0.11.4
208 silly currentTree | `-- clone@1.0.2
208 silly currentTree +-- colormin@1.1.2
208 silly currentTree +-- colors@1.1.2
208 silly currentTree +-- combined-stream@1.0.5
208 silly currentTree +-- commander@2.11.0
208 silly currentTree +-- commondir@1.0.1
208 silly currentTree +-- concat-map@0.0.1
208 silly currentTree +-- console-browserify@1.1.0
208 silly currentTree +-- console-control-strings@1.1.0
208 silly currentTree +-- constants-browserify@1.0.0
208 silly currentTree +-- content-disposition@0.5.2
208 silly currentTree +-- content-type@1.0.4
208 silly currentTree +-- convert-source-map@1.5.0
208 silly currentTree +-- cookie-signature@1.0.6
208 silly currentTree +-- cookie@0.3.1
208 silly currentTree +-- core-js@2.4.1
208 silly currentTree +-- core-util-is@1.0.2
208 silly currentTree +-- crc-32@1.1.1
208 silly currentTree +-- create-ecdh@4.0.0
208 silly currentTree +-- create-hash@1.1.3
208 silly currentTree +-- create-hmac@1.1.6
208 silly currentTree +-- create-react-class@15.6.0
208 silly currentTree +-- cross-spawn@3.0.1
208 silly currentTree +-- cryptiles@2.0.5
208 silly currentTree +-- crypto-browserify@3.11.0
208 silly currentTree +-- css-color-names@0.0.4
208 silly currentTree +-- css-loader@0.28.7
208 silly currentTree | +-- loader-utils@1.1.0
208 silly currentTree | `-- source-list-map@2.0.0
208 silly currentTree +-- css-selector-tokenizer@0.7.0
208 silly currentTree | `-- regexpu-core@1.0.0
208 silly currentTree +-- cssesc@0.1.0
208 silly currentTree +-- cssnano@3.10.0
208 silly currentTree +-- csso@2.3.2
208 silly currentTree +-- currently-unhandled@0.4.1
208 silly currentTree +-- d3-array@1.2.0
208 silly currentTree +-- d3-axis@1.0.8
208 silly currentTree +-- d3-brush@1.0.4
208 silly currentTree +-- d3-chord@1.0.4
208 silly currentTree +-- d3-collection@1.0.4
208 silly currentTree +-- d3-color@1.0.3
208 silly currentTree +-- d3-dispatch@1.0.3
208 silly currentTree +-- d3-drag@1.1.1
208 silly currentTree +-- d3-dsv@1.0.7
208 silly currentTree +-- d3-ease@1.0.3
208 silly currentTree +-- d3-force@1.0.6
208 silly currentTree +-- d3-format@1.2.0
208 silly currentTree +-- d3-geo@1.6.4
208 silly currentTree +-- d3-hierarchy@1.1.5
208 silly currentTree +-- d3-interpolate@1.1.5
208 silly currentTree +-- d3-path@1.0.5
208 silly currentTree +-- d3-polygon@1.0.3
208 silly currentTree +-- d3-quadtree@1.0.3
208 silly currentTree +-- d3-queue@3.0.7
208 silly currentTree +-- d3-random@1.1.0
208 silly currentTree +-- d3-request@1.0.6
208 silly currentTree +-- d3-scale@1.0.6
208 silly currentTree +-- d3-selection@1.1.0
208 silly currentTree +-- d3-shape@1.2.0
208 silly currentTree +-- d3-time-format@2.0.5
208 silly currentTree +-- d3-time@1.0.7
208 silly currentTree +-- d3-timer@1.0.7
208 silly currentTree +-- d3-transition@1.1.0
208 silly currentTree +-- d3-voronoi@1.1.2
208 silly currentTree +-- d3-zoom@1.5.0
208 silly currentTree +-- d3@4.10.2
208 silly currentTree +-- dashdash@1.14.1
208 silly currentTree | `-- assert-plus@1.0.0
208 silly currentTree +-- date-now@0.1.4
208 silly currentTree +-- debug@2.6.8
208 silly currentTree +-- decamelize@1.2.0
208 silly currentTree +-- defined@1.0.0
208 silly currentTree +-- delayed-stream@1.0.0
208 silly currentTree +-- delegates@1.0.0
208 silly currentTree +-- des.js@1.0.0
208 silly currentTree +-- destroy@1.0.4
208 silly currentTree +-- detect-indent@4.0.0
208 silly currentTree +-- diffie-hellman@5.0.2
208 silly currentTree +-- domain-browser@1.1.7
208 silly currentTree +-- ecc-jsbn@0.1.1
208 silly currentTree +-- ee-first@1.1.1
208 silly currentTree +-- electron-to-chromium@1.3.21
208 silly currentTree +-- elliptic@6.4.0
208 silly currentTree +-- emojis-list@2.1.0
208 silly currentTree +-- encodeurl@1.0.1
208 silly currentTree +-- encoding@0.1.12
208 silly currentTree +-- enhanced-resolve@3.1.0
208 silly currentTree +-- errno@0.1.4
208 silly currentTree +-- error-ex@1.3.1
208 silly currentTree +-- escape-html@1.0.3
208 silly currentTree +-- escape-string-regexp@1.0.5
208 silly currentTree +-- esprima@2.7.3
208 silly currentTree +-- esutils@2.0.2
208 silly currentTree +-- etag@1.8.1
208 silly currentTree +-- events@1.1.1
208 silly currentTree +-- evp_bytestokey@1.0.0
208 silly currentTree +-- exit-on-epipe@1.0.1
208 silly currentTree +-- expand-brackets@0.1.5
208 silly currentTree +-- expand-range@1.8.2
208 silly currentTree +-- express@4.15.4
208 silly currentTree +-- extend@3.0.1
208 silly currentTree +-- extglob@0.3.2
208 silly currentTree +-- extract-text-webpack-plugin@2.1.2
208 silly currentTree | +-- loader-utils@1.1.0
208 silly currentTree | +-- source-list-map@2.0.0
208 silly currentTree | `-- webpack-sources@1.0.1
208 silly currentTree +-- extsprintf@1.3.0
208 silly currentTree +-- fast-deep-equal@1.0.0
208 silly currentTree +-- fastparse@1.1.1
208 silly currentTree +-- fbjs@0.8.12
208 silly currentTree | `-- core-js@1.2.7
208 silly currentTree +-- file-loader@0.11.2
208 silly currentTree | `-- loader-utils@1.1.0
208 silly currentTree +-- filename-regex@2.0.1
208 silly currentTree +-- fill-range@2.2.3
208 silly currentTree +-- finalhandler@1.0.4
208 silly currentTree +-- find-cache-dir@0.1.1
208 silly currentTree +-- find-up@1.1.2
208 silly currentTree +-- flatten@1.0.2
208 silly currentTree +-- for-in@1.0.2
208 silly currentTree +-- for-own@0.1.5
208 silly currentTree +-- forever-agent@0.6.1
208 silly currentTree +-- form-data@2.1.4
208 silly currentTree +-- forwarded@0.1.1
208 silly currentTree +-- frac@1.1.0
208 silly currentTree +-- fresh@0.5.0
208 silly currentTree +-- fs.realpath@1.0.0
208 silly currentTree +-- fstream@1.0.11
208 silly currentTree +-- function-bind@1.1.1
208 silly currentTree +-- gauge@2.7.4
208 silly currentTree +-- gaze@1.1.2
208 silly currentTree +-- get-caller-file@1.0.2
208 silly currentTree +-- get-stdin@4.0.1
208 silly currentTree +-- getpass@0.1.7
208 silly currentTree | `-- assert-plus@1.0.0
208 silly currentTree +-- glob-base@0.3.0
208 silly currentTree +-- glob-parent@2.0.0
208 silly currentTree +-- glob@7.1.2
208 silly currentTree +-- globals@9.18.0
208 silly currentTree +-- globule@1.2.0
208 silly currentTree +-- graceful-fs@4.1.11
208 silly currentTree +-- har-schema@1.0.5
208 silly currentTree +-- har-validator@4.2.1
208 silly currentTree +-- has-ansi@2.0.0
208 silly currentTree +-- has-flag@1.0.0
208 silly currentTree +-- has-unicode@2.0.1
208 silly currentTree +-- has@1.0.1
208 silly currentTree +-- hash-base@2.0.2
208 silly currentTree +-- hash.js@1.0.3
208 silly currentTree +-- hawk@3.1.3
208 silly currentTree +-- hmac-drbg@1.0.1
208 silly currentTree +-- hoek@2.16.3
208 silly currentTree +-- home-or-tmp@2.0.0
208 silly currentTree +-- hosted-git-info@2.4.2
208 silly currentTree +-- html-comment-regex@1.1.1
208 silly currentTree +-- http-errors@1.6.2
208 silly currentTree +-- http-signature@1.1.1
208 silly currentTree +-- https-browserify@0.0.1
208 silly currentTree +-- iconv-lite@0.4.18
208 silly currentTree +-- icss-replace-symbols@1.1.0
208 silly currentTree +-- icss-utils@2.1.0
208 silly currentTree | +-- ansi-styles@3.2.0
208 silly currentTree | +-- chalk@2.1.0
208 silly currentTree | +-- has-flag@2.0.0
208 silly currentTree | +-- postcss@6.0.11
208 silly currentTree | +-- source-map@0.5.7
208 silly currentTree | `-- supports-color@4.4.0
208 silly currentTree +-- ieee754@1.1.8
208 silly currentTree +-- in-publish@2.0.0
208 silly currentTree +-- indent-string@2.1.0
208 silly currentTree +-- indexes-of@1.0.1
208 silly currentTree +-- indexof@0.0.1
208 silly currentTree +-- inflight@1.0.6
208 silly currentTree +-- inherits@2.0.3
208 silly currentTree +-- interpret@1.0.3
208 silly currentTree +-- invariant@2.2.2
208 silly currentTree +-- invert-kv@1.0.0
208 silly currentTree +-- ipaddr.js@1.4.0
208 silly currentTree +-- is-absolute-url@2.1.0
208 silly currentTree +-- is-arrayish@0.2.1
208 silly currentTree +-- is-binary-path@1.0.1
208 silly currentTree +-- is-buffer@1.1.5
208 silly currentTree +-- is-builtin-module@1.0.0
208 silly currentTree +-- is-dotfile@1.0.3
208 silly currentTree +-- is-equal-shallow@0.1.3
208 silly currentTree +-- is-extendable@0.1.1
208 silly currentTree +-- is-extglob@1.0.0
208 silly currentTree +-- is-finite@1.0.2
208 silly currentTree +-- is-fullwidth-code-point@1.0.0
208 silly currentTree +-- is-glob@2.0.1
208 silly currentTree +-- is-number@2.1.0
208 silly currentTree +-- is-plain-obj@1.1.0
208 silly currentTree +-- is-plain-object@2.0.4
208 silly currentTree | `-- isobject@3.0.1
208 silly currentTree +-- is-posix-bracket@0.1.1
208 silly currentTree +-- is-primitive@2.0.0
208 silly currentTree +-- is-stream@1.1.0
208 silly currentTree +-- is-svg@2.1.0
208 silly currentTree +-- is-typedarray@1.0.0
208 silly currentTree +-- is-utf8@0.2.1
208 silly currentTree +-- isarray@1.0.0
208 silly currentTree +-- isexe@2.0.0
208 silly currentTree +-- isobject@2.1.0
208 silly currentTree +-- isomorphic-fetch@2.2.1
208 silly currentTree +-- isstream@0.1.2
208 silly currentTree +-- js-base64@2.3.2
208 silly currentTree +-- js-tokens@3.0.1
208 silly currentTree +-- js-yaml@3.7.0
208 silly currentTree +-- jsbn@0.1.1
208 silly currentTree +-- jsesc@0.5.0
208 silly currentTree +-- json-loader@0.5.4
208 silly currentTree +-- json-schema-traverse@0.3.1
208 silly currentTree +-- json-schema@0.2.3
208 silly currentTree +-- json-stable-stringify@1.0.1
208 silly currentTree +-- json-stringify-safe@5.0.1
208 silly currentTree +-- json5@0.5.1
208 silly currentTree +-- jsonify@0.0.0
208 silly currentTree +-- jsprim@1.4.1
208 silly currentTree | `-- assert-plus@1.0.0
208 silly currentTree +-- kind-of@3.2.2
208 silly currentTree +-- lazy-cache@1.0.4
208 silly currentTree +-- lcid@1.0.0
208 silly currentTree +-- load-json-file@1.1.0
208 silly currentTree +-- loader-runner@2.3.0
208 silly currentTree +-- loader-utils@0.2.17
208 silly currentTree +-- lodash.assign@4.2.0
208 silly currentTree +-- lodash.camelcase@4.3.0
208 silly currentTree +-- lodash.clonedeep@4.5.0
208 silly currentTree +-- lodash.memoize@4.1.2
208 silly currentTree +-- lodash.mergewith@4.6.0
208 silly currentTree +-- lodash.tail@4.1.1
208 silly currentTree +-- lodash.uniq@4.5.0
208 silly currentTree +-- lodash@4.17.4
208 silly currentTree +-- longest@1.0.1
208 silly currentTree +-- loose-envify@1.3.1
208 silly currentTree +-- loud-rejection@1.6.0
208 silly currentTree +-- lru-cache@4.1.1
208 silly currentTree +-- macaddress@0.2.8
208 silly currentTree +-- map-obj@1.0.1
208 silly currentTree +-- math-expression-evaluator@1.2.17
208 silly currentTree +-- media-typer@0.3.0
208 silly currentTree +-- memory-fs@0.4.1
208 silly currentTree +-- meow@3.7.0
208 silly currentTree | `-- minimist@1.2.0
208 silly currentTree +-- merge-descriptors@1.0.1
208 silly currentTree +-- methods@1.1.2
208 silly currentTree +-- micromatch@2.3.11
208 silly currentTree +-- miller-rabin@4.0.0
208 silly currentTree +-- mime-db@1.30.0
208 silly currentTree +-- mime-types@2.1.17
208 silly currentTree +-- mime@1.3.4
208 silly currentTree +-- minimalistic-assert@1.0.0
208 silly currentTree +-- minimalistic-crypto-utils@1.0.1
208 silly currentTree +-- minimatch@3.0.4
208 silly currentTree +-- minimist@0.0.8
208 silly currentTree +-- mixin-object@2.0.1
208 silly currentTree | `-- for-in@0.1.8
208 silly currentTree +-- mkdirp@0.5.1
208 silly currentTree +-- ms@2.0.0
208 silly currentTree +-- nan@2.7.0
208 silly currentTree +-- negotiator@0.6.1
208 silly currentTree +-- node-fetch@1.7.1
208 silly currentTree +-- node-gyp@3.6.2
208 silly currentTree +-- node-libs-browser@2.0.0
208 silly currentTree | `-- string_decoder@0.10.31
208 silly currentTree +-- node-sass@4.5.3
208 silly currentTree +-- nopt@3.0.6
208 silly currentTree +-- normalize-package-data@2.3.8
208 silly currentTree +-- normalize-path@2.1.1
208 silly currentTree +-- normalize-range@0.1.2
208 silly currentTree +-- normalize-url@1.9.1
208 silly currentTree +-- npmlog@4.1.2
208 silly currentTree +-- num2fraction@1.2.2
208 silly currentTree +-- number-is-nan@1.0.1
208 silly currentTree +-- oauth-sign@0.8.2
208 silly currentTree +-- object-assign@4.1.1
208 silly currentTree +-- object.omit@2.0.1
208 silly currentTree +-- on-finished@2.3.0
208 silly currentTree +-- once@1.4.0
208 silly currentTree +-- os-browserify@0.2.1
208 silly currentTree +-- os-homedir@1.0.2
208 silly currentTree +-- os-locale@1.4.0
208 silly currentTree +-- os-tmpdir@1.0.2
208 silly currentTree +-- osenv@0.1.4
208 silly currentTree +-- pako@0.2.9
208 silly currentTree +-- parse-asn1@5.1.0
208 silly currentTree +-- parse-glob@3.0.4
208 silly currentTree +-- parse-json@2.2.0
208 silly currentTree +-- parseurl@1.3.2
208 silly currentTree +-- path-browserify@0.0.0
208 silly currentTree +-- path-exists@2.1.0
208 silly currentTree +-- path-is-absolute@1.0.1
208 silly currentTree +-- path-to-regexp@0.1.7
208 silly currentTree +-- path-type@1.1.0
208 silly currentTree +-- pbkdf2@3.0.12
208 silly currentTree +-- performance-now@0.2.0
208 silly currentTree +-- pify@2.3.0
208 silly currentTree +-- pinkie-promise@2.0.1
208 silly currentTree +-- pinkie@2.0.4
208 silly currentTree +-- pkg-dir@1.0.0
208 silly currentTree +-- postcss-calc@5.3.1
208 silly currentTree +-- postcss-colormin@2.2.2
208 silly currentTree +-- postcss-convert-values@2.6.1
208 silly currentTree +-- postcss-discard-comments@2.0.4
208 silly currentTree +-- postcss-discard-duplicates@2.1.0
208 silly currentTree +-- postcss-discard-empty@2.1.0
208 silly currentTree +-- postcss-discard-overridden@0.1.1
208 silly currentTree +-- postcss-discard-unused@2.2.3
208 silly currentTree +-- postcss-filter-plugins@2.0.2
208 silly currentTree +-- postcss-merge-idents@2.1.7
208 silly currentTree +-- postcss-merge-longhand@2.0.2
208 silly currentTree +-- postcss-merge-rules@2.1.2
208 silly currentTree +-- postcss-message-helpers@2.0.0
208 silly currentTree +-- postcss-minify-font-values@1.0.5
208 silly currentTree +-- postcss-minify-gradients@1.0.5
208 silly currentTree +-- postcss-minify-params@1.2.2
208 silly currentTree +-- postcss-minify-selectors@2.1.1
208 silly currentTree +-- postcss-modules-extract-imports@1.1.0
208 silly currentTree | +-- ansi-styles@3.2.0
208 silly currentTree | +-- chalk@2.1.0
208 silly currentTree | +-- has-flag@2.0.0
208 silly currentTree | +-- postcss@6.0.11
208 silly currentTree | +-- source-map@0.5.7
208 silly currentTree | `-- supports-color@4.4.0
208 silly currentTree +-- postcss-modules-local-by-default@1.2.0
208 silly currentTree | +-- ansi-styles@3.2.0
208 silly currentTree | +-- chalk@2.1.0
208 silly currentTree | +-- has-flag@2.0.0
208 silly currentTree | +-- postcss@6.0.11
208 silly currentTree | +-- source-map@0.5.7
208 silly currentTree | `-- supports-color@4.4.0
208 silly currentTree +-- postcss-modules-scope@1.1.0
208 silly currentTree | +-- ansi-styles@3.2.0
208 silly currentTree | +-- chalk@2.1.0
208 silly currentTree | +-- has-flag@2.0.0
208 silly currentTree | +-- postcss@6.0.11
208 silly currentTree | +-- source-map@0.5.7
208 silly currentTree | `-- supports-color@4.4.0
208 silly currentTree +-- postcss-modules-values@1.3.0
208 silly currentTree | +-- ansi-styles@3.2.0
208 silly currentTree | +-- chalk@2.1.0
208 silly currentTree | +-- has-flag@2.0.0
208 silly currentTree | +-- postcss@6.0.11
208 silly currentTree | +-- source-map@0.5.7
208 silly currentTree | `-- supports-color@4.4.0
208 silly currentTree +-- postcss-normalize-charset@1.1.1
208 silly currentTree +-- postcss-normalize-url@3.0.8
208 silly currentTree +-- postcss-ordered-values@2.2.3
208 silly currentTree +-- postcss-reduce-idents@2.4.0
208 silly currentTree +-- postcss-reduce-initial@1.0.1
208 silly currentTree +-- postcss-reduce-transforms@1.0.4
208 silly currentTree +-- postcss-selector-parser@2.2.3
208 silly currentTree +-- postcss-svgo@2.1.6
208 silly currentTree +-- postcss-unique-selectors@2.0.2
208 silly currentTree +-- postcss-value-parser@3.3.0
208 silly currentTree +-- postcss-zindex@2.2.0
208 silly currentTree +-- postcss@5.2.17
208 silly currentTree +-- prepend-http@1.0.4
208 silly currentTree +-- preserve@0.2.0
208 silly currentTree +-- printj@1.1.0
208 silly currentTree +-- private@0.1.7
208 silly currentTree +-- process-nextick-args@1.0.7
208 silly currentTree +-- process@0.11.10
208 silly currentTree +-- promise@7.3.0
208 silly currentTree +-- prop-types@15.5.10
208 silly currentTree +-- proxy-addr@1.1.5
208 silly currentTree +-- prr@0.0.0
208 silly currentTree +-- pseudomap@1.0.2
208 silly currentTree +-- public-encrypt@4.0.0
208 silly currentTree +-- punycode@1.4.1
208 silly currentTree +-- q@1.5.0
208 silly currentTree +-- qs@6.5.0
208 silly currentTree +-- query-string@4.3.4
208 silly currentTree +-- querystring-es3@0.2.1
208 silly currentTree +-- querystring@0.2.0
208 silly currentTree +-- randomatic@1.1.7
208 silly currentTree | +-- is-number@3.0.0
208 silly currentTree | | `-- kind-of@3.2.2
208 silly currentTree | `-- kind-of@4.0.0
208 silly currentTree +-- randombytes@2.0.5
208 silly currentTree | `-- safe-buffer@5.1.0
208 silly currentTree +-- range-parser@1.2.0
208 silly currentTree +-- react-dom@15.6.1
208 silly currentTree +-- react@15.6.1
208 silly currentTree +-- read-pkg-up@1.0.1
208 silly currentTree +-- read-pkg@1.1.0
208 silly currentTree +-- readable-stream@2.2.11
208 silly currentTree +-- readdirp@2.1.0
208 silly currentTree +-- redent@1.0.0
208 silly currentTree +-- reduce-css-calc@1.3.0
208 silly currentTree | `-- balanced-match@0.4.2
208 silly currentTree +-- reduce-function-call@1.0.2
208 silly currentTree | `-- balanced-match@0.4.2
208 silly currentTree +-- regenerate@1.3.2
208 silly currentTree +-- regenerator-runtime@0.10.5
208 silly currentTree +-- regenerator-transform@0.9.11
208 silly currentTree +-- regex-cache@0.4.3
208 silly currentTree +-- regexpu-core@2.0.0
208 silly currentTree +-- regjsgen@0.2.0
208 silly currentTree +-- regjsparser@0.1.5
208 silly currentTree +-- remove-trailing-separator@1.0.2
208 silly currentTree +-- repeat-element@1.1.2
208 silly currentTree +-- repeat-string@1.6.1
208 silly currentTree +-- repeating@2.0.1
208 silly currentTree +-- request@2.81.0
208 silly currentTree | `-- qs@6.4.0
208 silly currentTree +-- require-directory@2.1.1
208 silly currentTree +-- require-main-filename@1.0.1
208 silly currentTree +-- right-align@0.1.3
208 silly currentTree +-- rimraf@2.6.2
208 silly currentTree +-- ripemd160@2.0.1
208 silly currentTree +-- rw@1.3.3
208 silly currentTree +-- safe-buffer@5.0.1
208 silly currentTree +-- sass-graph@2.2.4
208 silly currentTree | +-- camelcase@3.0.0
208 silly currentTree | +-- cliui@3.2.0
208 silly currentTree | +-- yargs-parser@5.0.0
208 silly currentTree | `-- yargs@7.1.0
208 silly currentTree +-- sass-loader@6.0.6
208 silly currentTree | +-- loader-utils@1.1.0
208 silly currentTree | `-- pify@3.0.0
208 silly currentTree +-- sax@1.2.4
208 silly currentTree +-- schema-utils@0.3.0
208 silly currentTree | `-- ajv@5.2.2
208 silly currentTree +-- scss-tokenizer@0.2.3
208 silly currentTree | `-- source-map@0.4.4
208 silly currentTree +-- semver@5.3.0
208 silly currentTree +-- send@0.15.4
208 silly currentTree +-- serve-static@1.12.4
208 silly currentTree +-- set-blocking@2.0.0
208 silly currentTree +-- set-immediate-shim@1.0.1
208 silly currentTree +-- setimmediate@1.0.5
208 silly currentTree +-- setprototypeof@1.0.3
208 silly currentTree +-- sha.js@2.4.8
208 silly currentTree +-- shallow-clone@0.1.2
208 silly currentTree | +-- kind-of@2.0.1
208 silly currentTree | `-- lazy-cache@0.2.7
208 silly currentTree +-- signal-exit@3.0.2
208 silly currentTree +-- slash@1.0.0
208 silly currentTree +-- sntp@1.0.9
208 silly currentTree +-- sort-keys@1.1.2
208 silly currentTree +-- source-list-map@1.1.2
208 silly currentTree +-- source-map-support@0.4.15
208 silly currentTree +-- source-map@0.5.6
208 silly currentTree +-- spdx-correct@1.0.2
208 silly currentTree +-- spdx-expression-parse@1.0.4
208 silly currentTree +-- spdx-license-ids@1.2.2
208 silly currentTree +-- sprintf-js@1.0.3
208 silly currentTree +-- ssf@0.10.1
208 silly currentTree +-- sshpk@1.13.1
208 silly currentTree | `-- assert-plus@1.0.0
208 silly currentTree +-- statuses@1.3.1
208 silly currentTree +-- stdout-stream@1.4.0
208 silly currentTree +-- stream-browserify@2.0.1
208 silly currentTree +-- stream-http@2.7.2
208 silly currentTree +-- strict-uri-encode@1.1.0
208 silly currentTree +-- string_decoder@1.0.2
208 silly currentTree +-- string-width@1.0.2
208 silly currentTree +-- stringstream@0.0.5
208 silly currentTree +-- strip-ansi@3.0.1
208 silly currentTree +-- strip-bom@2.0.0
208 silly currentTree +-- strip-indent@1.0.1
208 silly currentTree +-- supports-color@3.2.3
208 silly currentTree +-- svgo@0.7.2
208 silly currentTree +-- tapable@0.2.6
208 silly currentTree +-- tar@2.2.1
208 silly currentTree +-- timers-browserify@2.0.2
208 silly currentTree +-- to-arraybuffer@1.0.1
208 silly currentTree +-- to-fast-properties@1.0.3
208 silly currentTree +-- tough-cookie@2.3.2
208 silly currentTree +-- trim-newlines@1.0.0
208 silly currentTree +-- trim-right@1.0.1
208 silly currentTree +-- tty-browserify@0.0.0
208 silly currentTree +-- tunnel-agent@0.6.0
208 silly currentTree +-- tweetnacl@0.14.5
208 silly currentTree +-- type-is@1.6.15
208 silly currentTree +-- ua-parser-js@0.7.12
208 silly currentTree +-- uglify-js@2.8.29
208 silly currentTree | `-- yargs@3.10.0
208 silly currentTree +-- uglify-to-browserify@1.0.2
208 silly currentTree +-- underscore@1.8.3
208 silly currentTree +-- uniq@1.0.1
208 silly currentTree +-- uniqid@4.1.1
208 silly currentTree +-- uniqs@2.0.0
208 silly currentTree +-- unpipe@1.0.0
208 silly currentTree +-- url-loader@0.5.9
208 silly currentTree | `-- loader-utils@1.1.0
208 silly currentTree +-- url@0.11.0
208 silly currentTree | `-- punycode@1.3.2
208 silly currentTree +-- util-deprecate@1.0.2
208 silly currentTree +-- util@0.10.3
208 silly currentTree | `-- inherits@2.0.1
208 silly currentTree +-- utils-merge@1.0.0
208 silly currentTree +-- uuid@3.1.0
208 silly currentTree +-- validate-npm-package-license@3.0.1
208 silly currentTree +-- vary@1.1.1
208 silly currentTree +-- vendors@1.0.1
208 silly currentTree +-- verror@1.10.0
208 silly currentTree | `-- assert-plus@1.0.0
208 silly currentTree +-- vm-browserify@0.0.4
208 silly currentTree +-- voc@1.0.0
208 silly currentTree +-- watchpack@1.3.1
208 silly currentTree +-- webpack-sources@0.2.3
208 silly currentTree +-- webpack@2.6.1
208 silly currentTree +-- whatwg-fetch@2.0.3
208 silly currentTree +-- whet.extend@0.9.9
208 silly currentTree +-- which-module@1.0.0
208 silly currentTree +-- which@1.3.0
208 silly currentTree +-- wide-align@1.1.2
208 silly currentTree +-- window-size@0.1.0
208 silly currentTree +-- wordwrap@0.0.2
208 silly currentTree +-- wrap-ansi@2.1.0
208 silly currentTree +-- wrappy@1.0.2
208 silly currentTree +-- xlsx@0.11.12
208 silly currentTree +-- xmlhttprequest@1.8.0
208 silly currentTree +-- xtend@4.0.1
208 silly currentTree +-- y18n@3.2.1
208 silly currentTree +-- yallist@2.1.2
208 silly currentTree +-- yargs-parser@4.2.1
208 silly currentTree | `-- camelcase@3.0.0
208 silly currentTree `-- yargs@6.6.0
208 silly currentTree   +-- camelcase@3.0.0
208 silly currentTree   `-- cliui@3.2.0
209 silly idealTree AlexAasen@0.0.1
209 silly idealTree +-- abbrev@1.1.0
209 silly idealTree +-- accepts@1.3.4
209 silly idealTree +-- acorn-dynamic-import@2.0.2
209 silly idealTree | `-- acorn@4.0.13
209 silly idealTree +-- acorn@5.0.3
209 silly idealTree +-- adler-32@1.1.0
209 silly idealTree +-- ajv-keywords@1.5.1
209 silly idealTree +-- ajv@4.11.8
209 silly idealTree +-- align-text@0.1.4
209 silly idealTree +-- alphanum-sort@1.0.2
209 silly idealTree +-- amdefine@1.0.1
209 silly idealTree +-- ansi-regex@2.1.1
209 silly idealTree +-- ansi-styles@2.2.1
209 silly idealTree +-- anymatch@1.3.0
209 silly idealTree +-- aproba@1.1.2
209 silly idealTree +-- are-we-there-yet@1.1.4
209 silly idealTree +-- argparse@1.0.9
209 silly idealTree +-- arr-diff@2.0.0
209 silly idealTree +-- arr-flatten@1.0.3
209 silly idealTree +-- array-find-index@1.0.2
209 silly idealTree +-- array-flatten@1.1.1
209 silly idealTree +-- array-unique@0.2.1
209 silly idealTree +-- arrify@1.0.1
209 silly idealTree +-- asap@2.0.5
209 silly idealTree +-- asn1.js@4.9.1
209 silly idealTree +-- asn1@0.2.3
209 silly idealTree +-- assert-plus@0.2.0
209 silly idealTree +-- assert@1.4.1
209 silly idealTree +-- async-each@1.0.1
209 silly idealTree +-- async-foreach@0.1.3
209 silly idealTree +-- async@2.4.1
209 silly idealTree +-- asynckit@0.4.0
209 silly idealTree +-- autoprefixer@6.7.7
209 silly idealTree +-- aws-sign2@0.6.0
209 silly idealTree +-- aws4@1.6.0
209 silly idealTree +-- babel-code-frame@6.22.0
209 silly idealTree +-- babel-core@6.25.0
209 silly idealTree +-- babel-generator@6.25.0
209 silly idealTree | `-- jsesc@1.3.0
209 silly idealTree +-- babel-helper-builder-react-jsx@6.24.1
209 silly idealTree +-- babel-helper-call-delegate@6.24.1
209 silly idealTree +-- babel-helper-define-map@6.24.1
209 silly idealTree +-- babel-helper-function-name@6.24.1
209 silly idealTree +-- babel-helper-get-function-arity@6.24.1
209 silly idealTree +-- babel-helper-hoist-variables@6.24.1
209 silly idealTree +-- babel-helper-optimise-call-expression@6.24.1
209 silly idealTree +-- babel-helper-regex@6.24.1
209 silly idealTree +-- babel-helper-replace-supers@6.24.1
209 silly idealTree +-- babel-helpers@6.24.1
209 silly idealTree +-- babel-loader@7.0.0
209 silly idealTree | `-- loader-utils@1.1.0
209 silly idealTree +-- babel-messages@6.23.0
209 silly idealTree +-- babel-plugin-check-es2015-constants@6.22.0
209 silly idealTree +-- babel-plugin-syntax-flow@6.18.0
209 silly idealTree +-- babel-plugin-syntax-jsx@6.18.0
209 silly idealTree +-- babel-plugin-transform-es2015-arrow-functions@6.22.0
209 silly idealTree +-- babel-plugin-transform-es2015-block-scoped-functions@6.22.0
209 silly idealTree +-- babel-plugin-transform-es2015-block-scoping@6.24.1
209 silly idealTree +-- babel-plugin-transform-es2015-classes@6.24.1
209 silly idealTree +-- babel-plugin-transform-es2015-computed-properties@6.24.1
209 silly idealTree +-- babel-plugin-transform-es2015-destructuring@6.23.0
209 silly idealTree +-- babel-plugin-transform-es2015-duplicate-keys@6.24.1
209 silly idealTree +-- babel-plugin-transform-es2015-for-of@6.23.0
209 silly idealTree +-- babel-plugin-transform-es2015-function-name@6.24.1
209 silly idealTree +-- babel-plugin-transform-es2015-literals@6.22.0
209 silly idealTree +-- babel-plugin-transform-es2015-modules-amd@6.24.1
209 silly idealTree +-- babel-plugin-transform-es2015-modules-commonjs@6.24.1
209 silly idealTree +-- babel-plugin-transform-es2015-modules-systemjs@6.24.1
209 silly idealTree +-- babel-plugin-transform-es2015-modules-umd@6.24.1
209 silly idealTree +-- babel-plugin-transform-es2015-object-super@6.24.1
209 silly idealTree +-- babel-plugin-transform-es2015-parameters@6.24.1
209 silly idealTree +-- babel-plugin-transform-es2015-shorthand-properties@6.24.1
209 silly idealTree +-- babel-plugin-transform-es2015-spread@6.22.0
209 silly idealTree +-- babel-plugin-transform-es2015-sticky-regex@6.24.1
209 silly idealTree +-- babel-plugin-transform-es2015-template-literals@6.22.0
209 silly idealTree +-- babel-plugin-transform-es2015-typeof-symbol@6.23.0
209 silly idealTree +-- babel-plugin-transform-es2015-unicode-regex@6.24.1
209 silly idealTree +-- babel-plugin-transform-flow-strip-types@6.22.0
209 silly idealTree +-- babel-plugin-transform-react-display-name@6.25.0
209 silly idealTree +-- babel-plugin-transform-react-jsx-self@6.22.0
209 silly idealTree +-- babel-plugin-transform-react-jsx-source@6.22.0
209 silly idealTree +-- babel-plugin-transform-react-jsx@6.24.1
209 silly idealTree +-- babel-plugin-transform-regenerator@6.24.1
209 silly idealTree +-- babel-plugin-transform-strict-mode@6.24.1
209 silly idealTree +-- babel-preset-es2015@6.24.1
209 silly idealTree +-- babel-preset-flow@6.23.0
209 silly idealTree +-- babel-preset-react@6.24.1
209 silly idealTree +-- babel-register@6.24.1
209 silly idealTree +-- babel-runtime@6.23.0
209 silly idealTree +-- babel-template@6.25.0
209 silly idealTree +-- babel-traverse@6.25.0
209 silly idealTree +-- babel-types@6.25.0
209 silly idealTree +-- babylon@6.17.3
209 silly idealTree +-- balanced-match@1.0.0
209 silly idealTree +-- base64-js@1.2.0
209 silly idealTree +-- bcrypt-pbkdf@1.0.1
209 silly idealTree +-- big.js@3.1.3
209 silly idealTree +-- binary-extensions@1.8.0
209 silly idealTree +-- block-stream@0.0.9
209 silly idealTree +-- bn.js@4.11.6
209 silly idealTree +-- body-parser
209 silly idealTree | +-- debug@2.6.9
209 silly idealTree | `-- iconv-lite@0.4.19
209 silly idealTree +-- boom@2.10.1
209 silly idealTree +-- brace-expansion@1.1.8
209 silly idealTree +-- braces@1.8.5
209 silly idealTree +-- brorand@1.1.0
209 silly idealTree +-- browserify-aes@1.0.6
209 silly idealTree +-- browserify-cipher@1.0.0
209 silly idealTree +-- browserify-des@1.0.0
209 silly idealTree +-- browserify-rsa@4.0.1
209 silly idealTree +-- browserify-sign@4.0.4
209 silly idealTree +-- browserify-zlib@0.1.4
209 silly idealTree +-- browserslist@1.7.7
209 silly idealTree +-- buffer-xor@1.0.3
209 silly idealTree +-- buffer@4.9.1
209 silly idealTree +-- builtin-modules@1.1.1
209 silly idealTree +-- builtin-status-codes@3.0.0
209 silly idealTree +-- bytes@3.0.0
209 silly idealTree +-- camelcase-keys@2.1.0
209 silly idealTree | `-- camelcase@2.1.1
209 silly idealTree +-- camelcase@1.2.1
209 silly idealTree +-- caniuse-api@1.6.1
209 silly idealTree +-- caniuse-db@1.0.30000727
209 silly idealTree +-- caseless@0.12.0
209 silly idealTree +-- center-align@0.1.3
209 silly idealTree +-- cfb@1.0.1
209 silly idealTree | `-- commander@2.12.2
209 silly idealTree +-- chalk@1.1.3
209 silly idealTree | `-- supports-color@2.0.0
209 silly idealTree +-- chokidar@1.7.0
209 silly idealTree +-- cipher-base@1.0.3
209 silly idealTree +-- clap@1.2.0
209 silly idealTree +-- cliui@2.1.0
209 silly idealTree +-- clone-deep@0.3.0
209 silly idealTree | `-- for-own@1.0.0
209 silly idealTree +-- clone@2.1.1
209 silly idealTree +-- co@4.6.0
209 silly idealTree +-- coa@1.0.4
209 silly idealTree +-- code-point-at@1.1.0
209 silly idealTree +-- codepage@1.11.0
209 silly idealTree +-- color-convert@1.9.0
209 silly idealTree +-- color-name@1.1.3
209 silly idealTree +-- color-string@0.3.0
209 silly idealTree +-- color@0.11.4
209 silly idealTree | `-- clone@1.0.2
209 silly idealTree +-- colormin@1.1.2
209 silly idealTree +-- colors@1.1.2
209 silly idealTree +-- combined-stream@1.0.5
209 silly idealTree +-- commander@2.11.0
209 silly idealTree +-- commondir@1.0.1
209 silly idealTree +-- concat-map@0.0.1
209 silly idealTree +-- console-browserify@1.1.0
209 silly idealTree +-- console-control-strings@1.1.0
209 silly idealTree +-- constants-browserify@1.0.0
209 silly idealTree +-- content-disposition@0.5.2
209 silly idealTree +-- content-type@1.0.4
209 silly idealTree +-- convert-source-map@1.5.0
209 silly idealTree +-- cookie-signature@1.0.6
209 silly idealTree +-- cookie@0.3.1
209 silly idealTree +-- core-js@2.4.1
209 silly idealTree +-- core-util-is@1.0.2
209 silly idealTree +-- crc-32@1.1.1
209 silly idealTree +-- create-ecdh@4.0.0
209 silly idealTree +-- create-hash@1.1.3
209 silly idealTree +-- create-hmac@1.1.6
209 silly idealTree +-- create-react-class@15.6.0
209 silly idealTree +-- cross-spawn@3.0.1
209 silly idealTree +-- cryptiles@2.0.5
209 silly idealTree +-- crypto-browserify@3.11.0
209 silly idealTree +-- css-color-names@0.0.4
209 silly idealTree +-- css-loader@0.28.7
209 silly idealTree | +-- loader-utils@1.1.0
209 silly idealTree | `-- source-list-map@2.0.0
209 silly idealTree +-- css-selector-tokenizer@0.7.0
209 silly idealTree | `-- regexpu-core@1.0.0
209 silly idealTree +-- cssesc@0.1.0
209 silly idealTree +-- cssnano@3.10.0
209 silly idealTree +-- csso@2.3.2
209 silly idealTree +-- currently-unhandled@0.4.1
209 silly idealTree +-- d3-array@1.2.0
209 silly idealTree +-- d3-axis@1.0.8
209 silly idealTree +-- d3-brush@1.0.4
209 silly idealTree +-- d3-chord@1.0.4
209 silly idealTree +-- d3-collection@1.0.4
209 silly idealTree +-- d3-color@1.0.3
209 silly idealTree +-- d3-dispatch@1.0.3
209 silly idealTree +-- d3-drag@1.1.1
209 silly idealTree +-- d3-dsv@1.0.7
209 silly idealTree +-- d3-ease@1.0.3
209 silly idealTree +-- d3-force@1.0.6
209 silly idealTree +-- d3-format@1.2.0
209 silly idealTree +-- d3-geo@1.6.4
209 silly idealTree +-- d3-hierarchy@1.1.5
209 silly idealTree +-- d3-interpolate@1.1.5
209 silly idealTree +-- d3-path@1.0.5
209 silly idealTree +-- d3-polygon@1.0.3
209 silly idealTree +-- d3-quadtree@1.0.3
209 silly idealTree +-- d3-queue@3.0.7
209 silly idealTree +-- d3-random@1.1.0
209 silly idealTree +-- d3-request@1.0.6
209 silly idealTree +-- d3-scale@1.0.6
209 silly idealTree +-- d3-selection@1.1.0
209 silly idealTree +-- d3-shape@1.2.0
209 silly idealTree +-- d3-time-format@2.0.5
209 silly idealTree +-- d3-time@1.0.7
209 silly idealTree +-- d3-timer@1.0.7
209 silly idealTree +-- d3-transition@1.1.0
209 silly idealTree +-- d3-voronoi@1.1.2
209 silly idealTree +-- d3-zoom@1.5.0
209 silly idealTree +-- d3@4.10.2
209 silly idealTree +-- dashdash@1.14.1
209 silly idealTree | `-- assert-plus@1.0.0
209 silly idealTree +-- date-now@0.1.4
209 silly idealTree +-- debug@2.6.8
209 silly idealTree +-- decamelize@1.2.0
209 silly idealTree +-- defined@1.0.0
209 silly idealTree +-- delayed-stream@1.0.0
209 silly idealTree +-- delegates@1.0.0
209 silly idealTree +-- depd@1.1.2
209 silly idealTree +-- des.js@1.0.0
209 silly idealTree +-- destroy@1.0.4
209 silly idealTree +-- detect-indent@4.0.0
209 silly idealTree +-- diffie-hellman@5.0.2
209 silly idealTree +-- domain-browser@1.1.7
209 silly idealTree +-- ecc-jsbn@0.1.1
209 silly idealTree +-- ee-first@1.1.1
209 silly idealTree +-- electron-to-chromium@1.3.21
209 silly idealTree +-- elliptic@6.4.0
209 silly idealTree +-- emojis-list@2.1.0
209 silly idealTree +-- encodeurl@1.0.1
209 silly idealTree +-- encoding@0.1.12
209 silly idealTree +-- enhanced-resolve@3.1.0
209 silly idealTree +-- errno@0.1.4
209 silly idealTree +-- error-ex@1.3.1
209 silly idealTree +-- escape-html@1.0.3
209 silly idealTree +-- escape-string-regexp@1.0.5
209 silly idealTree +-- esprima@2.7.3
209 silly idealTree +-- esutils@2.0.2
209 silly idealTree +-- etag@1.8.1
209 silly idealTree +-- events@1.1.1
209 silly idealTree +-- evp_bytestokey@1.0.0
209 silly idealTree +-- exit-on-epipe@1.0.1
209 silly idealTree +-- expand-brackets@0.1.5
209 silly idealTree +-- expand-range@1.8.2
209 silly idealTree +-- express@4.15.4
209 silly idealTree +-- extend@3.0.1
209 silly idealTree +-- extglob@0.3.2
209 silly idealTree +-- extract-text-webpack-plugin@2.1.2
209 silly idealTree | +-- loader-utils@1.1.0
209 silly idealTree | +-- source-list-map@2.0.0
209 silly idealTree | `-- webpack-sources@1.0.1
209 silly idealTree +-- extsprintf@1.3.0
209 silly idealTree +-- fast-deep-equal@1.0.0
209 silly idealTree +-- fastparse@1.1.1
209 silly idealTree +-- fbjs@0.8.12
209 silly idealTree | `-- core-js@1.2.7
209 silly idealTree +-- file-loader@0.11.2
209 silly idealTree | `-- loader-utils@1.1.0
209 silly idealTree +-- filename-regex@2.0.1
209 silly idealTree +-- fill-range@2.2.3
209 silly idealTree +-- finalhandler@1.0.4
209 silly idealTree +-- find-cache-dir@0.1.1
209 silly idealTree +-- find-up@1.1.2
209 silly idealTree +-- flatten@1.0.2
209 silly idealTree +-- for-in@1.0.2
209 silly idealTree +-- for-own@0.1.5
209 silly idealTree +-- forever-agent@0.6.1
209 silly idealTree +-- form-data@2.1.4
209 silly idealTree +-- forwarded@0.1.1
209 silly idealTree +-- frac@1.1.0
209 silly idealTree +-- fresh@0.5.0
209 silly idealTree +-- fs.realpath@1.0.0
209 silly idealTree +-- fstream@1.0.11
209 silly idealTree +-- function-bind@1.1.1
209 silly idealTree +-- gauge@2.7.4
209 silly idealTree +-- gaze@1.1.2
209 silly idealTree +-- get-caller-file@1.0.2
209 silly idealTree +-- get-stdin@4.0.1
209 silly idealTree +-- getpass@0.1.7
209 silly idealTree | `-- assert-plus@1.0.0
209 silly idealTree +-- glob-base@0.3.0
209 silly idealTree +-- glob-parent@2.0.0
209 silly idealTree +-- glob@7.1.2
209 silly idealTree +-- globals@9.18.0
209 silly idealTree +-- globule@1.2.0
209 silly idealTree +-- graceful-fs@4.1.11
209 silly idealTree +-- har-schema@1.0.5
209 silly idealTree +-- har-validator@4.2.1
209 silly idealTree +-- has-ansi@2.0.0
209 silly idealTree +-- has-flag@1.0.0
209 silly idealTree +-- has-unicode@2.0.1
209 silly idealTree +-- has@1.0.1
209 silly idealTree +-- hash-base@2.0.2
209 silly idealTree +-- hash.js@1.0.3
209 silly idealTree +-- hawk@3.1.3
209 silly idealTree +-- hmac-drbg@1.0.1
209 silly idealTree +-- hoek@2.16.3
209 silly idealTree +-- home-or-tmp@2.0.0
209 silly idealTree +-- hosted-git-info@2.4.2
209 silly idealTree +-- html-comment-regex@1.1.1
209 silly idealTree +-- http-errors@1.6.2
209 silly idealTree | `-- depd@1.1.1
209 silly idealTree +-- http-signature@1.1.1
209 silly idealTree +-- https-browserify@0.0.1
209 silly idealTree +-- iconv-lite@0.4.18
209 silly idealTree +-- icss-replace-symbols@1.1.0
209 silly idealTree +-- icss-utils@2.1.0
209 silly idealTree | +-- ansi-styles@3.2.0
209 silly idealTree | +-- chalk@2.1.0
209 silly idealTree | +-- has-flag@2.0.0
209 silly idealTree | +-- postcss@6.0.11
209 silly idealTree | +-- source-map@0.5.7
209 silly idealTree | `-- supports-color@4.4.0
209 silly idealTree +-- ieee754@1.1.8
209 silly idealTree +-- in-publish@2.0.0
209 silly idealTree +-- indent-string@2.1.0
209 silly idealTree +-- indexes-of@1.0.1
209 silly idealTree +-- indexof@0.0.1
209 silly idealTree +-- inflight@1.0.6
209 silly idealTree +-- inherits@2.0.3
209 silly idealTree +-- interpret@1.0.3
209 silly idealTree +-- invariant@2.2.2
209 silly idealTree +-- invert-kv@1.0.0
209 silly idealTree +-- ipaddr.js@1.4.0
209 silly idealTree +-- is-absolute-url@2.1.0
209 silly idealTree +-- is-arrayish@0.2.1
209 silly idealTree +-- is-binary-path@1.0.1
209 silly idealTree +-- is-buffer@1.1.5
209 silly idealTree +-- is-builtin-module@1.0.0
209 silly idealTree +-- is-dotfile@1.0.3
209 silly idealTree +-- is-equal-shallow@0.1.3
209 silly idealTree +-- is-extendable@0.1.1
209 silly idealTree +-- is-extglob@1.0.0
209 silly idealTree +-- is-finite@1.0.2
209 silly idealTree +-- is-fullwidth-code-point@1.0.0
209 silly idealTree +-- is-glob@2.0.1
209 silly idealTree +-- is-number@2.1.0
209 silly idealTree +-- is-plain-obj@1.1.0
209 silly idealTree +-- is-plain-object@2.0.4
209 silly idealTree | `-- isobject@3.0.1
209 silly idealTree +-- is-posix-bracket@0.1.1
209 silly idealTree +-- is-primitive@2.0.0
209 silly idealTree +-- is-stream@1.1.0
209 silly idealTree +-- is-svg@2.1.0
209 silly idealTree +-- is-typedarray@1.0.0
209 silly idealTree +-- is-utf8@0.2.1
209 silly idealTree +-- isarray@1.0.0
209 silly idealTree +-- isexe@2.0.0
209 silly idealTree +-- isobject@2.1.0
209 silly idealTree +-- isomorphic-fetch@2.2.1
209 silly idealTree +-- isstream@0.1.2
209 silly idealTree +-- js-base64@2.3.2
209 silly idealTree +-- js-tokens@3.0.1
209 silly idealTree +-- js-yaml@3.7.0
209 silly idealTree +-- jsbn@0.1.1
209 silly idealTree +-- jsesc@0.5.0
209 silly idealTree +-- json-loader@0.5.4
209 silly idealTree +-- json-schema-traverse@0.3.1
209 silly idealTree +-- json-schema@0.2.3
209 silly idealTree +-- json-stable-stringify@1.0.1
209 silly idealTree +-- json-stringify-safe@5.0.1
209 silly idealTree +-- json5@0.5.1
209 silly idealTree +-- jsonify@0.0.0
209 silly idealTree +-- jsprim@1.4.1
209 silly idealTree | `-- assert-plus@1.0.0
209 silly idealTree +-- kind-of@3.2.2
209 silly idealTree +-- lazy-cache@1.0.4
209 silly idealTree +-- lcid@1.0.0
209 silly idealTree +-- load-json-file@1.1.0
209 silly idealTree +-- loader-runner@2.3.0
209 silly idealTree +-- loader-utils@0.2.17
209 silly idealTree +-- lodash.assign@4.2.0
209 silly idealTree +-- lodash.camelcase@4.3.0
209 silly idealTree +-- lodash.clonedeep@4.5.0
209 silly idealTree +-- lodash.memoize@4.1.2
209 silly idealTree +-- lodash.mergewith@4.6.0
209 silly idealTree +-- lodash.tail@4.1.1
209 silly idealTree +-- lodash.uniq@4.5.0
209 silly idealTree +-- lodash@4.17.4
209 silly idealTree +-- longest@1.0.1
209 silly idealTree +-- loose-envify@1.3.1
209 silly idealTree +-- loud-rejection@1.6.0
209 silly idealTree +-- lru-cache@4.1.1
209 silly idealTree +-- macaddress@0.2.8
209 silly idealTree +-- map-obj@1.0.1
209 silly idealTree +-- math-expression-evaluator@1.2.17
209 silly idealTree +-- media-typer@0.3.0
209 silly idealTree +-- memory-fs@0.4.1
209 silly idealTree +-- meow@3.7.0
209 silly idealTree | `-- minimist@1.2.0
209 silly idealTree +-- merge-descriptors@1.0.1
209 silly idealTree +-- methods@1.1.2
209 silly idealTree +-- micromatch@2.3.11
209 silly idealTree +-- miller-rabin@4.0.0
209 silly idealTree +-- mime-db@1.30.0
209 silly idealTree +-- mime-types@2.1.17
209 silly idealTree +-- mime@1.3.4
209 silly idealTree +-- minimalistic-assert@1.0.0
209 silly idealTree +-- minimalistic-crypto-utils@1.0.1
209 silly idealTree +-- minimatch@3.0.4
209 silly idealTree +-- minimist@0.0.8
209 silly idealTree +-- mixin-object@2.0.1
209 silly idealTree | `-- for-in@0.1.8
209 silly idealTree +-- mkdirp@0.5.1
209 silly idealTree +-- ms@2.0.0
209 silly idealTree +-- nan@2.7.0
209 silly idealTree +-- negotiator@0.6.1
209 silly idealTree +-- node-bin-setup@1.0.6
209 silly idealTree +-- node-fetch@1.7.1
209 silly idealTree +-- node-gyp@3.6.2
209 silly idealTree +-- node-libs-browser@2.0.0
209 silly idealTree | `-- string_decoder@0.10.31
209 silly idealTree +-- node-sass@4.5.3
209 silly idealTree +-- node@9.5.0
209 silly idealTree +-- nopt@3.0.6
209 silly idealTree +-- normalize-package-data@2.3.8
209 silly idealTree +-- normalize-path@2.1.1
209 silly idealTree +-- normalize-range@0.1.2
209 silly idealTree +-- normalize-url@1.9.1
209 silly idealTree +-- npmlog@4.1.2
209 silly idealTree +-- num2fraction@1.2.2
209 silly idealTree +-- number-is-nan@1.0.1
209 silly idealTree +-- oauth-sign@0.8.2
209 silly idealTree +-- object-assign@4.1.1
209 silly idealTree +-- object.omit@2.0.1
209 silly idealTree +-- on-finished@2.3.0
209 silly idealTree +-- once@1.4.0
209 silly idealTree +-- os-browserify@0.2.1
209 silly idealTree +-- os-homedir@1.0.2
209 silly idealTree +-- os-locale@1.4.0
209 silly idealTree +-- os-tmpdir@1.0.2
209 silly idealTree +-- osenv@0.1.4
209 silly idealTree +-- pako@0.2.9
209 silly idealTree +-- parse-asn1@5.1.0
209 silly idealTree +-- parse-glob@3.0.4
209 silly idealTree +-- parse-json@2.2.0
209 silly idealTree +-- parseurl@1.3.2
209 silly idealTree +-- path-browserify@0.0.0
209 silly idealTree +-- path-exists@2.1.0
209 silly idealTree +-- path-is-absolute@1.0.1
209 silly idealTree +-- path-to-regexp@0.1.7
209 silly idealTree +-- path-type@1.1.0
209 silly idealTree +-- pbkdf2@3.0.12
209 silly idealTree +-- performance-now@0.2.0
209 silly idealTree +-- pify@2.3.0
209 silly idealTree +-- pinkie-promise@2.0.1
209 silly idealTree +-- pinkie@2.0.4
209 silly idealTree +-- pkg-dir@1.0.0
209 silly idealTree +-- postcss-calc@5.3.1
209 silly idealTree +-- postcss-colormin@2.2.2
209 silly idealTree +-- postcss-convert-values@2.6.1
209 silly idealTree +-- postcss-discard-comments@2.0.4
209 silly idealTree +-- postcss-discard-duplicates@2.1.0
209 silly idealTree +-- postcss-discard-empty@2.1.0
209 silly idealTree +-- postcss-discard-overridden@0.1.1
209 silly idealTree +-- postcss-discard-unused@2.2.3
209 silly idealTree +-- postcss-filter-plugins@2.0.2
209 silly idealTree +-- postcss-merge-idents@2.1.7
209 silly idealTree +-- postcss-merge-longhand@2.0.2
209 silly idealTree +-- postcss-merge-rules@2.1.2
209 silly idealTree +-- postcss-message-helpers@2.0.0
209 silly idealTree +-- postcss-minify-font-values@1.0.5
209 silly idealTree +-- postcss-minify-gradients@1.0.5
209 silly idealTree +-- postcss-minify-params@1.2.2
209 silly idealTree +-- postcss-minify-selectors@2.1.1
209 silly idealTree +-- postcss-modules-extract-imports@1.1.0
209 silly idealTree | +-- ansi-styles@3.2.0
209 silly idealTree | +-- chalk@2.1.0
209 silly idealTree | +-- has-flag@2.0.0
209 silly idealTree | +-- postcss@6.0.11
209 silly idealTree | +-- source-map@0.5.7
209 silly idealTree | `-- supports-color@4.4.0
209 silly idealTree +-- postcss-modules-local-by-default@1.2.0
209 silly idealTree | +-- ansi-styles@3.2.0
209 silly idealTree | +-- chalk@2.1.0
209 silly idealTree | +-- has-flag@2.0.0
209 silly idealTree | +-- postcss@6.0.11
209 silly idealTree | +-- source-map@0.5.7
209 silly idealTree | `-- supports-color@4.4.0
209 silly idealTree +-- postcss-modules-scope@1.1.0
209 silly idealTree | +-- ansi-styles@3.2.0
209 silly idealTree | +-- chalk@2.1.0
209 silly idealTree | +-- has-flag@2.0.0
209 silly idealTree | +-- postcss@6.0.11
209 silly idealTree | +-- source-map@0.5.7
209 silly idealTree | `-- supports-color@4.4.0
209 silly idealTree +-- postcss-modules-values@1.3.0
209 silly idealTree | +-- ansi-styles@3.2.0
209 silly idealTree | +-- chalk@2.1.0
209 silly idealTree | +-- has-flag@2.0.0
209 silly idealTree | +-- postcss@6.0.11
209 silly idealTree | +-- source-map@0.5.7
209 silly idealTree | `-- supports-color@4.4.0
209 silly idealTree +-- postcss-normalize-charset@1.1.1
209 silly idealTree +-- postcss-normalize-url@3.0.8
209 silly idealTree +-- postcss-ordered-values@2.2.3
209 silly idealTree +-- postcss-reduce-idents@2.4.0
209 silly idealTree +-- postcss-reduce-initial@1.0.1
209 silly idealTree +-- postcss-reduce-transforms@1.0.4
209 silly idealTree +-- postcss-selector-parser@2.2.3
209 silly idealTree +-- postcss-svgo@2.1.6
209 silly idealTree +-- postcss-unique-selectors@2.0.2
209 silly idealTree +-- postcss-value-parser@3.3.0
209 silly idealTree +-- postcss-zindex@2.2.0
209 silly idealTree +-- postcss@5.2.17
209 silly idealTree +-- prepend-http@1.0.4
209 silly idealTree +-- preserve@0.2.0
209 silly idealTree +-- printj@1.1.0
209 silly idealTree +-- private@0.1.7
209 silly idealTree +-- process-nextick-args@1.0.7
209 silly idealTree +-- process@0.11.10
209 silly idealTree +-- promise@7.3.0
209 silly idealTree +-- prop-types@15.5.10
209 silly idealTree +-- proxy-addr@1.1.5
209 silly idealTree +-- prr@0.0.0
209 silly idealTree +-- pseudomap@1.0.2
209 silly idealTree +-- public-encrypt@4.0.0
209 silly idealTree +-- punycode@1.4.1
209 silly idealTree +-- q@1.5.0
209 silly idealTree +-- qs@6.5.0
209 silly idealTree +-- query-string@4.3.4
209 silly idealTree +-- querystring-es3@0.2.1
209 silly idealTree +-- querystring@0.2.0
209 silly idealTree +-- randomatic@1.1.7
209 silly idealTree | +-- is-number@3.0.0
209 silly idealTree | | `-- kind-of@3.2.2
209 silly idealTree | `-- kind-of@4.0.0
209 silly idealTree +-- randombytes@2.0.5
209 silly idealTree | `-- safe-buffer@5.1.0
209 silly idealTree +-- range-parser@1.2.0
209 silly idealTree +-- react-dom@15.6.1
209 silly idealTree +-- react@15.6.1
209 silly idealTree +-- read-pkg-up@1.0.1
209 silly idealTree +-- read-pkg@1.1.0
209 silly idealTree +-- readable-stream@2.2.11
209 silly idealTree +-- readdirp@2.1.0
209 silly idealTree +-- redent@1.0.0
209 silly idealTree +-- reduce-css-calc@1.3.0
209 silly idealTree | `-- balanced-match@0.4.2
209 silly idealTree +-- reduce-function-call@1.0.2
209 silly idealTree | `-- balanced-match@0.4.2
209 silly idealTree +-- regenerate@1.3.2
209 silly idealTree +-- regenerator-runtime@0.10.5
209 silly idealTree +-- regenerator-transform@0.9.11
209 silly idealTree +-- regex-cache@0.4.3
209 silly idealTree +-- regexpu-core@2.0.0
209 silly idealTree +-- regjsgen@0.2.0
209 silly idealTree +-- regjsparser@0.1.5
209 silly idealTree +-- remove-trailing-separator@1.0.2
209 silly idealTree +-- repeat-element@1.1.2
209 silly idealTree +-- repeat-string@1.6.1
209 silly idealTree +-- repeating@2.0.1
209 silly idealTree +-- request@2.81.0
209 silly idealTree | `-- qs@6.4.0
209 silly idealTree +-- require-directory@2.1.1
209 silly idealTree +-- require-main-filename@1.0.1
209 silly idealTree +-- right-align@0.1.3
209 silly idealTree +-- rimraf@2.6.2
209 silly idealTree +-- ripemd160@2.0.1
209 silly idealTree +-- rw@1.3.3
209 silly idealTree +-- safe-buffer@5.0.1
209 silly idealTree +-- sass-graph@2.2.4
209 silly idealTree | +-- camelcase@3.0.0
209 silly idealTree | +-- cliui@3.2.0
209 silly idealTree | +-- yargs-parser@5.0.0
209 silly idealTree | `-- yargs@7.1.0
209 silly idealTree +-- sass-loader@6.0.6
209 silly idealTree | +-- loader-utils@1.1.0
209 silly idealTree | `-- pify@3.0.0
209 silly idealTree +-- sax@1.2.4
209 silly idealTree +-- schema-utils@0.3.0
209 silly idealTree | `-- ajv@5.2.2
209 silly idealTree +-- scss-tokenizer@0.2.3
209 silly idealTree | `-- source-map@0.4.4
209 silly idealTree +-- semver@5.3.0
209 silly idealTree +-- send@0.15.4
209 silly idealTree +-- serve-static@1.12.4
209 silly idealTree +-- set-blocking@2.0.0
209 silly idealTree +-- set-immediate-shim@1.0.1
209 silly idealTree +-- setimmediate@1.0.5
209 silly idealTree +-- setprototypeof@1.0.3
209 silly idealTree +-- sha.js@2.4.8
209 silly idealTree +-- shallow-clone@0.1.2
209 silly idealTree | +-- kind-of@2.0.1
209 silly idealTree | `-- lazy-cache@0.2.7
209 silly idealTree +-- signal-exit@3.0.2
209 silly idealTree +-- slash@1.0.0
209 silly idealTree +-- sntp@1.0.9
209 silly idealTree +-- sort-keys@1.1.2
209 silly idealTree +-- source-list-map@1.1.2
209 silly idealTree +-- source-map-support@0.4.15
209 silly idealTree +-- source-map@0.5.6
209 silly idealTree +-- spdx-correct@1.0.2
209 silly idealTree +-- spdx-expression-parse@1.0.4
209 silly idealTree +-- spdx-license-ids@1.2.2
209 silly idealTree +-- sprintf-js@1.0.3
209 silly idealTree +-- ssf@0.10.1
209 silly idealTree +-- sshpk@1.13.1
209 silly idealTree | `-- assert-plus@1.0.0
209 silly idealTree +-- statuses@1.3.1
209 silly idealTree +-- stdout-stream@1.4.0
209 silly idealTree +-- stream-browserify@2.0.1
209 silly idealTree +-- stream-http@2.7.2
209 silly idealTree +-- strict-uri-encode@1.1.0
209 silly idealTree +-- string_decoder@1.0.2
209 silly idealTree +-- string-width@1.0.2
209 silly idealTree +-- stringstream@0.0.5
209 silly idealTree +-- strip-ansi@3.0.1
209 silly idealTree +-- strip-bom@2.0.0
209 silly idealTree +-- strip-indent@1.0.1
209 silly idealTree +-- supports-color@3.2.3
209 silly idealTree +-- svgo@0.7.2
209 silly idealTree +-- tapable@0.2.6
209 silly idealTree +-- tar@2.2.1
209 silly idealTree +-- timers-browserify@2.0.2
209 silly idealTree +-- to-arraybuffer@1.0.1
209 silly idealTree +-- to-fast-properties@1.0.3
209 silly idealTree +-- tough-cookie@2.3.2
209 silly idealTree +-- trim-newlines@1.0.0
209 silly idealTree +-- trim-right@1.0.1
209 silly idealTree +-- tty-browserify@0.0.0
209 silly idealTree +-- tunnel-agent@0.6.0
209 silly idealTree +-- tweetnacl@0.14.5
209 silly idealTree +-- type-is@1.6.15
209 silly idealTree +-- ua-parser-js@0.7.12
209 silly idealTree +-- uglify-js@2.8.29
209 silly idealTree | `-- yargs@3.10.0
209 silly idealTree +-- uglify-to-browserify@1.0.2
209 silly idealTree +-- underscore@1.8.3
209 silly idealTree +-- uniq@1.0.1
209 silly idealTree +-- uniqid@4.1.1
209 silly idealTree +-- uniqs@2.0.0
209 silly idealTree +-- unpipe@1.0.0
209 silly idealTree +-- url-loader@0.5.9
209 silly idealTree | `-- loader-utils@1.1.0
209 silly idealTree +-- url@0.11.0
209 silly idealTree | `-- punycode@1.3.2
209 silly idealTree +-- util-deprecate@1.0.2
209 silly idealTree +-- util@0.10.3
209 silly idealTree | `-- inherits@2.0.1
209 silly idealTree +-- utils-merge@1.0.0
209 silly idealTree +-- uuid@3.1.0
209 silly idealTree +-- validate-npm-package-license@3.0.1
209 silly idealTree +-- vary@1.1.1
209 silly idealTree +-- vendors@1.0.1
209 silly idealTree +-- verror@1.10.0
209 silly idealTree | `-- assert-plus@1.0.0
209 silly idealTree +-- vm-browserify@0.0.4
209 silly idealTree +-- voc@1.0.0
209 silly idealTree +-- watchpack@1.3.1
209 silly idealTree +-- webpack-sources@0.2.3
209 silly idealTree +-- webpack@2.6.1
209 silly idealTree +-- whatwg-fetch@2.0.3
209 silly idealTree +-- whet.extend@0.9.9
209 silly idealTree +-- which-module@1.0.0
209 silly idealTree +-- which@1.3.0
209 silly idealTree +-- wide-align@1.1.2
209 silly idealTree +-- window-size@0.1.0
209 silly idealTree +-- wordwrap@0.0.2
209 silly idealTree +-- wrap-ansi@2.1.0
209 silly idealTree +-- wrappy@1.0.2
209 silly idealTree +-- xlsx@0.11.12
209 silly idealTree +-- xmlhttprequest@1.8.0
209 silly idealTree +-- xtend@4.0.1
209 silly idealTree +-- y18n@3.2.1
209 silly idealTree +-- yallist@2.1.2
209 silly idealTree +-- yargs-parser@4.2.1
209 silly idealTree | `-- camelcase@3.0.0
209 silly idealTree `-- yargs@6.6.0
209 silly idealTree   +-- camelcase@3.0.0
209 silly idealTree   `-- cliui@3.2.0
210 silly generateActionsToTake Starting
211 silly install generateActionsToTake
212 silly generateActionsToTake Finishing
213 silly diffTrees action count 4
214 silly diffTrees add depd@1.1.2
215 silly diffTrees add depd@1.1.1
216 silly diffTrees add node-bin-setup@1.0.6
217 silly diffTrees add node@9.5.0
218 silly decomposeActions action count 32
219 silly decomposeActions fetch depd@1.1.2
220 silly decomposeActions extract depd@1.1.2
221 silly decomposeActions test depd@1.1.2
222 silly decomposeActions preinstall depd@1.1.2
223 silly decomposeActions build depd@1.1.2
224 silly decomposeActions install depd@1.1.2
225 silly decomposeActions postinstall depd@1.1.2
226 silly decomposeActions finalize depd@1.1.2
227 silly decomposeActions fetch depd@1.1.1
228 silly decomposeActions extract depd@1.1.1
229 silly decomposeActions test depd@1.1.1
230 silly decomposeActions preinstall depd@1.1.1
231 silly decomposeActions build depd@1.1.1
232 silly decomposeActions install depd@1.1.1
233 silly decomposeActions postinstall depd@1.1.1
234 silly decomposeActions finalize depd@1.1.1
235 silly decomposeActions fetch node-bin-setup@1.0.6
236 silly decomposeActions extract node-bin-setup@1.0.6
237 silly decomposeActions test node-bin-setup@1.0.6
238 silly decomposeActions preinstall node-bin-setup@1.0.6
239 silly decomposeActions build node-bin-setup@1.0.6
240 silly decomposeActions install node-bin-setup@1.0.6
241 silly decomposeActions postinstall node-bin-setup@1.0.6
242 silly decomposeActions finalize node-bin-setup@1.0.6
243 silly decomposeActions fetch node@9.5.0
244 silly decomposeActions extract node@9.5.0
245 silly decomposeActions test node@9.5.0
246 silly decomposeActions preinstall node@9.5.0
247 silly decomposeActions build node@9.5.0
248 silly decomposeActions install node@9.5.0
249 silly decomposeActions postinstall node@9.5.0
250 silly decomposeActions finalize node@9.5.0
251 silly executeActions Starting
252 silly install executeActions
253 silly doSerial global-install 0
254 silly doParallel fetch 4
255 verbose correctMkdir C:\Users\Alextrico\AppData\Roaming\npm-cache\_locks correctMkdir not in flight; initializing
256 verbose lock using C:\Users\Alextrico\AppData\Roaming\npm-cache\_locks\staging-8c0e4baf5c3fd3fd.lock for C:\Users\Alextrico\Documents\alexaasen\node_modules\.staging
257 silly doParallel extract 4
258 silly extract depd@1.1.2
259 silly extract depd@1.1.1
260 silly extract node-bin-setup@1.0.6
261 silly extract node@9.5.0
262 verbose unbuild node_modules\.staging\depd-221c2d4f
263 verbose unbuild node_modules\.staging\depd-c3483d93
264 verbose unbuild node_modules\.staging\node-bin-setup-f5a25fe4
265 verbose unbuild node_modules\.staging\node-fc1f773c
266 silly gentlyRm C:\Users\Alextrico\Documents\alexaasen\node_modules\.staging\depd-221c2d4f is being purged from base C:\Users\Alextrico\Documents\alexaasen
267 verbose gentlyRm don't care about contents; nuking C:\Users\Alextrico\Documents\alexaasen\node_modules\.staging\depd-221c2d4f
268 silly gentlyRm C:\Users\Alextrico\Documents\alexaasen\node_modules\.staging\depd-c3483d93 is being purged from base C:\Users\Alextrico\Documents\alexaasen
269 verbose gentlyRm don't care about contents; nuking C:\Users\Alextrico\Documents\alexaasen\node_modules\.staging\depd-c3483d93
270 silly gentlyRm C:\Users\Alextrico\Documents\alexaasen\node_modules\.staging\node-bin-setup-f5a25fe4 is being purged from base C:\Users\Alextrico\Documents\alexaasen
271 verbose gentlyRm don't care about contents; nuking C:\Users\Alextrico\Documents\alexaasen\node_modules\.staging\node-bin-setup-f5a25fe4
272 verbose tar unpack C:\Users\Alextrico\AppData\Roaming\npm-cache\depd\1.1.2\package.tgz
273 verbose tar unpacking to C:\Users\Alextrico\Documents\alexaasen\node_modules\.staging\depd-221c2d4f
274 silly gentlyRm C:\Users\Alextrico\Documents\alexaasen\node_modules\.staging\depd-221c2d4f is being purged
275 verbose gentlyRm don't care about contents; nuking C:\Users\Alextrico\Documents\alexaasen\node_modules\.staging\depd-221c2d4f
276 verbose tar unpack C:\Users\Alextrico\AppData\Roaming\npm-cache\depd\1.1.1\package.tgz
277 verbose tar unpacking to C:\Users\Alextrico\Documents\alexaasen\node_modules\.staging\depd-c3483d93
278 silly gentlyRm C:\Users\Alextrico\Documents\alexaasen\node_modules\.staging\depd-c3483d93 is being purged
279 verbose gentlyRm don't care about contents; nuking C:\Users\Alextrico\Documents\alexaasen\node_modules\.staging\depd-c3483d93
280 verbose tar unpack C:\Users\Alextrico\AppData\Roaming\npm-cache\node-bin-setup\1.0.6\package.tgz
281 verbose tar unpacking to C:\Users\Alextrico\Documents\alexaasen\node_modules\.staging\node-bin-setup-f5a25fe4
282 silly gentlyRm C:\Users\Alextrico\Documents\alexaasen\node_modules\.staging\node-bin-setup-f5a25fe4 is being purged
283 verbose gentlyRm don't care about contents; nuking C:\Users\Alextrico\Documents\alexaasen\node_modules\.staging\node-bin-setup-f5a25fe4
284 silly gunzTarPerm modes [ '777', '666' ]
285 silly gunzTarPerm modes [ '777', '666' ]
286 silly gentlyRm C:\Users\Alextrico\Documents\alexaasen\node_modules\.staging\node-fc1f773c is being purged from base C:\Users\Alextrico\Documents\alexaasen
287 verbose gentlyRm don't care about contents; nuking C:\Users\Alextrico\Documents\alexaasen\node_modules\.staging\node-fc1f773c
288 silly gunzTarPerm modes [ '777', '666' ]
289 verbose tar unpack C:\Users\Alextrico\AppData\Roaming\npm-cache\node\9.5.0\package.tgz
290 verbose tar unpacking to C:\Users\Alextrico\Documents\alexaasen\node_modules\.staging\node-fc1f773c
291 silly gentlyRm C:\Users\Alextrico\Documents\alexaasen\node_modules\.staging\node-fc1f773c is being purged
292 verbose gentlyRm don't care about contents; nuking C:\Users\Alextrico\Documents\alexaasen\node_modules\.staging\node-fc1f773c
293 silly gunzTarPerm modes [ '777', '666' ]
294 silly gunzTarPerm extractEntry package.json
295 silly gunzTarPerm extractEntry package.json
296 silly gunzTarPerm extractEntry package.json
297 silly gunzTarPerm modified mode [ 'package.json', 420, 438 ]
298 silly gunzTarPerm extractEntry package.json
299 silly gunzTarPerm modified mode [ 'package.json', 420, 438 ]
300 silly gunzTarPerm extractEntry LICENSE
301 silly gunzTarPerm extractEntry index.js
302 silly gunzTarPerm extractEntry LICENSE
303 silly gunzTarPerm extractEntry index.js
304 silly gunzTarPerm extractEntry index.js
305 silly gunzTarPerm modified mode [ 'index.js', 420, 438 ]
306 silly gunzTarPerm extractEntry installArchSpecificPackage.js
307 silly gunzTarPerm modified mode [ 'installArchSpecificPackage.js', 420, 438 ]
308 silly gunzTarPerm extractEntry README.md
309 silly gunzTarPerm modified mode [ 'README.md', 420, 438 ]
310 silly gunzTarPerm extractEntry History.md
311 silly gunzTarPerm extractEntry Readme.md
312 silly gunzTarPerm extractEntry lib/browser/index.js
313 silly gunzTarPerm extractEntry lib/compat/callsite-tostring.js
314 silly gunzTarPerm extractEntry lib/compat/event-listener-count.js
315 silly gunzTarPerm extractEntry lib/compat/index.js
316 silly gunzTarPerm extractEntry History.md
317 silly gunzTarPerm extractEntry Readme.md
318 silly gunzTarPerm extractEntry lib/browser/index.js
319 silly gunzTarPerm extractEntry lib/compat/callsite-tostring.js
320 silly gunzTarPerm extractEntry lib/compat/event-listener-count.js
321 silly gunzTarPerm extractEntry lib/compat/index.js
322 silly gentlyRm C:\Users\Alextrico\Documents\alexaasen\node_modules\.staging\node-bin-setup-f5a25fe4\node_modules is being purged
323 verbose gentlyRm don't care about contents; nuking C:\Users\Alextrico\Documents\alexaasen\node_modules\.staging\node-bin-setup-f5a25fe4\node_modules
324 silly gentlyRm C:\Users\Alextrico\Documents\alexaasen\node_modules\.staging\node-fc1f773c\node_modules is being purged
325 verbose gentlyRm don't care about contents; nuking C:\Users\Alextrico\Documents\alexaasen\node_modules\.staging\node-fc1f773c\node_modules
326 silly gentlyRm C:\Users\Alextrico\Documents\alexaasen\node_modules\.staging\depd-221c2d4f\node_modules is being purged
327 verbose gentlyRm don't care about contents; nuking C:\Users\Alextrico\Documents\alexaasen\node_modules\.staging\depd-221c2d4f\node_modules
328 silly gentlyRm C:\Users\Alextrico\Documents\alexaasen\node_modules\.staging\depd-c3483d93\node_modules is being purged
329 verbose gentlyRm don't care about contents; nuking C:\Users\Alextrico\Documents\alexaasen\node_modules\.staging\depd-c3483d93\node_modules
330 silly doParallel preinstall 4
331 silly preinstall depd@1.1.2 C:\Users\Alextrico\Documents\alexaasen\node_modules\.staging\depd-221c2d4f
332 info lifecycle depd@1.1.2~preinstall: depd@1.1.2
333 silly preinstall depd@1.1.1 C:\Users\Alextrico\Documents\alexaasen\node_modules\.staging\depd-c3483d93
334 info lifecycle depd@1.1.1~preinstall: depd@1.1.1
335 silly preinstall node-bin-setup@1.0.6 C:\Users\Alextrico\Documents\alexaasen\node_modules\.staging\node-bin-setup-f5a25fe4
336 info lifecycle node-bin-setup@1.0.6~preinstall: node-bin-setup@1.0.6
337 silly preinstall node@9.5.0 C:\Users\Alextrico\Documents\alexaasen\node_modules\.staging\node-fc1f773c
338 info lifecycle node@9.5.0~preinstall: node@9.5.0
339 silly lifecycle depd@1.1.2~preinstall: no script for preinstall, continuing
340 silly lifecycle depd@1.1.1~preinstall: no script for preinstall, continuing
341 silly lifecycle node-bin-setup@1.0.6~preinstall: no script for preinstall, continuing
342 verbose lifecycle node@9.5.0~preinstall: unsafe-perm in lifecycle true
343 verbose lifecycle node@9.5.0~preinstall: PATH: C:\Program Files\nodejs\node_modules\npm\bin\node-gyp-bin;C:\Users\Alextrico\Documents\alexaasen\node_modules\.staging\node-fc1f773c\node_modules\.bin;C:\Users\Alextrico\Documents\alexaasen\node_modules\.bin;C:\Program Files\nodejs;C:\Users\Alextrico\AppData\Local\GitHub\PortableGit_f02737a78695063deace08e96d5042710d3e32db\cmd;C:\Users\Alextrico\AppData\Local\GitHub\PortableGit_f02737a78695063deace08e96d5042710d3e32db\usr\bin;C:\Users\Alextrico\AppData\Local\GitHub\PortableGit_f02737a78695063deace08e96d5042710d3e32db\usr\share\git-tfs;C:\Users\Alextrico\AppData\Local\Apps\2.0\N67HJQHE.ET3\1JVVZM5J.ZXN\gith..tion_317444273a93ac29_0003.0003_5794af8169eeff14;C:\Users\Alextrico\AppData\Local\GitHub\lfs-amd64_1.5.5;%AppData%\npm;C:\ProgramData\Oracle\Java\javapath;C:\Program Files\Java\jdk1.8.0_102;C:\Users\Alextrico\AppData\Roaming\Microsoft\Windows\Start Menu\Programs\GitHub, Inc;C:\WINDOWS\system32;C:\WINDOWS;C:\WINDOWS\System32\Wbem;C:\WINDOWS\System32\WindowsPowerShell\v1.0\;C:\Program Files (x86)\NVIDIA Corporation\PhysX\Common;C:\Program Files (x86)\Windows Live\Shared;C:\Program Files (x86)\MySQL\MySQL Fabric 1.5 & MySQL Utilities 1.5\;C:\Program Files (x86)\MySQL\MySQL Fabric 1.5 & MySQL Utilities 1.5\Doctrine extensions for PHP\;C:\Program Files\apache-maven-3.3.9\bin;C:\WINDOWS\system32;C:\WINDOWS;C:\WINDOWS\System32\Wbem;C:\WINDOWS\System32\WindowsPowerShell\v1.0\;C:\Program Files\nodejs\;C:\Program Files (x86)\Skype\Phone\;C:\Users\Alextrico\AppData\Local\atom\bin;C:\Users\Alextrico\AppData\Local\Microsoft\WindowsApps;C:\Users\Alextrico\AppData\Roaming\npm;C:\Users\Alextrico\AppData\Roaming\Microsoft\Windows\Start Menu\Programs\GitHub, Inc;;C:\Windows\Microsoft.NET\Framework\v4.0.30319\
344 verbose lifecycle node@9.5.0~preinstall: CWD: C:\Users\Alextrico\Documents\alexaasen\node_modules\.staging\node-fc1f773c
345 silly lifecycle node@9.5.0~preinstall: Args: [ '/d /s /c', 'node installArchSpecificPackage' ]
346 silly lifecycle node@9.5.0~preinstall: Returned: code: 1  signal: null
347 info lifecycle node@9.5.0~preinstall: Failed to exec preinstall script
348 verbose unlock done using C:\Users\Alextrico\AppData\Roaming\npm-cache\_locks\staging-8c0e4baf5c3fd3fd.lock for C:\Users\Alextrico\Documents\alexaasen\node_modules\.staging
349 silly rollbackFailedOptional Starting
350 silly rollbackFailedOptional Finishing
351 silly runTopLevelLifecycles Starting
352 silly runTopLevelLifecycles Finishing
353 silly install printInstalled
354 warn optional Skipping failed optional dependency /chokidar/fsevents:
355 warn notsup Not compatible with your operating system or architecture: fsevents@1.1.3
356 warn enoent ENOENT: no such file or directory, open 'C:\Users\Alextrico\Documents\alexaasen\node_modules\body-parser\package.json'
357 warn AlexAasen@0.0.1 No repository field.
358 warn AlexAasen@0.0.1 No license field.
359 verbose stack Error: node@9.5.0 preinstall: `node installArchSpecificPackage`
359 verbose stack Exit status 1
359 verbose stack     at EventEmitter.<anonymous> (C:\Program Files\nodejs\node_modules\npm\lib\utils\lifecycle.js:242:16)
359 verbose stack     at emitTwo (events.js:106:13)
359 verbose stack     at EventEmitter.emit (events.js:191:7)
359 verbose stack     at ChildProcess.<anonymous> (C:\Program Files\nodejs\node_modules\npm\lib\utils\spawn.js:40:14)
359 verbose stack     at emitTwo (events.js:106:13)
359 verbose stack     at ChildProcess.emit (events.js:191:7)
359 verbose stack     at maybeClose (internal/child_process.js:877:16)
359 verbose stack     at Process.ChildProcess._handle.onexit (internal/child_process.js:226:5)
360 verbose pkgid node@9.5.0
361 verbose cwd C:\Users\Alextrico\Documents\alexaasen
362 error Windows_NT 10.0.16299
363 error argv "C:\\Program Files\\nodejs\\node.exe" "C:\\Program Files\\nodejs\\node_modules\\npm\\bin\\npm-cli.js" "install" "node"
364 error node v6.7.0
365 error npm  v3.10.3
366 error code ELIFECYCLE
367 error node@9.5.0 preinstall: `node installArchSpecificPackage`
367 error Exit status 1
368 error Failed at the node@9.5.0 preinstall script 'node installArchSpecificPackage'.
368 error Make sure you have the latest version of node.js and npm installed.
368 error If you do, this is most likely a problem with the node package,
368 error not with npm itself.
368 error Tell the author that this fails on your system:
368 error     node installArchSpecificPackage
368 error You can get information on how to open an issue for this project with:
368 error     npm bugs node
368 error Or if that isn't available, you can get their info via:
368 error     npm owner ls node
368 error There is likely additional logging output above.
369 verbose exit [ 1, true ]
